#Build: Fabric Inserter 2022.2-SP1-Lite, Build 132640, Aug 18 14:57 2023
#Install: D:\PDS_FPGA\PDS_2022.2-SP1-Lite\bin
#Application name: cdt_ins.exe
#OS: Windows 10 10.0.22631
#Hostname: LAPTOP-M8RAEIUM
Generated by Fabric Inserter (version 2022.2-SP1-Lite build 132640) at Thu Aug 15 16:01:35 2024
*************************************************************************
*
*  Parsing design. Please be patient as this can take several minutes.
*
*************************************************************************
Compiling architecture definition.
Loading technology operator library.
Compiling technology operator library.
Compiling technology operator (valence) library.
W: Adm-4001: Attribute 'syn_encoding' is not supported. It is ignored.
W: Adm-4001: Attribute 'syn_encoding' is not supported. It is ignored.
W: Adm-4001: Attribute 'syn_encoding' is not supported. It is ignored.
W: Adm-4001: Attribute 'syn_encoding' is not supported. It is ignored.
W: Adm-4001: Attribute 'syn_encoding' is not supported. It is ignored.
W: Adm-4001: Attribute 'syn_encoding' is not supported. It is ignored.
W: Adm-4001: Attribute 'syn_encoding' is not supported. It is ignored.
W: Adm-4001: Attribute 'syn_encoding' is not supported. It is ignored.
W: Adm-4001: Attribute 'syn_encoding' is not supported. It is ignored.
W: Adm-4001: Attribute 'syn_encoding' is not supported. It is ignored.
W: Adm-4001: Attribute 'syn_encoding' is not supported. It is ignored.
W: Adm-4001: Attribute 'syn_encoding' is not supported. It is ignored.
W: Adm-4001: Attribute 'syn_encoding' is not supported. It is ignored.
W: Adm-4001: Attribute 'syn_encoding' is not supported. It is ignored.
W: Adm-4001: Attribute 'syn_encoding' is not supported. It is ignored.
W: Adm-4001: Attribute 'syn_encoding' is not supported. It is ignored.
W: Adm-4001: Attribute 'syn_encoding' is not supported. It is ignored.
W: Adm-4001: Attribute 'syn_encoding' is not supported. It is ignored.
W: Adm-4001: Attribute 'syn_encoding' is not supported. It is ignored.
W: Adm-4001: Attribute 'syn_encoding' is not supported. It is ignored.
W: Adm-4001: Attribute 'syn_encoding' is not supported. It is ignored.
W: Adm-4001: Attribute 'syn_encoding' is not supported. It is ignored.
W: Adm-4001: Attribute 'syn_encoding' is not supported. It is ignored.
W: Adm-4001: Attribute 'syn_encoding' is not supported. It is ignored.
W: Adm-4001: Attribute 'syn_encoding' is not supported. It is ignored.
W: Adm-4001: Attribute 'syn_encoding' is not supported. It is ignored.
W: Adm-4001: Attribute 'syn_encoding' is not supported. It is ignored.
W: Adm-4001: Attribute 'syn_encoding' is not supported. It is ignored.
W: Adm-4001: Attribute 'syn_encoding' is not supported. It is ignored.
W: Adm-4001: Attribute 'syn_encoding' is not supported. It is ignored.
W: Adm-4001: Attribute 'syn_encoding' is not supported. It is ignored.
W: Adm-4001: Attribute 'syn_encoding' is not supported. It is ignored.
W: Adm-4001: Attribute 'syn_encoding' is not supported. It is ignored.
W: Adm-4001: Attribute 'syn_encoding' is not supported. It is ignored.
W: Adm-4001: Attribute 'syn_encoding' is not supported. It is ignored.
W: Adm-4001: Attribute 'syn_encoding' is not supported. It is ignored.
W: Adm-4001: Attribute 'syn_encoding' is not supported. It is ignored.
W: Adm-4001: Attribute 'syn_encoding' is not supported. It is ignored.
W: Adm-4001: Attribute 'syn_encoding' is not supported. It is ignored.
W: Adm-4001: Attribute 'syn_encoding' is not supported. It is ignored.
W: Adm-4001: Attribute 'syn_encoding' is not supported. It is ignored.
W: Adm-4001: Attribute 'syn_encoding' is not supported. It is ignored.
W: Adm-4001: Attribute 'syn_encoding' is not supported. It is ignored.
W: Adm-4001: Attribute 'syn_encoding' is not supported. It is ignored.
W: Adm-4001: Attribute 'syn_encoding' is not supported. It is ignored.
W: Adm-4001: Attribute 'syn_encoding' is not supported. It is ignored.
W: Adm-4001: Attribute 'syn_encoding' is not supported. It is ignored.
W: Adm-4001: Attribute 'syn_encoding' is not supported. It is ignored.
W: Adm-4001: Attribute 'syn_encoding' is not supported. It is ignored.
W: Adm-4001: Attribute 'syn_encoding' is not supported. It is ignored.
W: Adm-4001: Attribute 'syn_encoding' is not supported. It is ignored.
W: Adm-4001: Attribute 'syn_encoding' is not supported. It is ignored.
W: Adm-4001: Attribute 'syn_encoding' is not supported. It is ignored.
W: Adm-4001: Attribute 'syn_encoding' is not supported. It is ignored.
W: Adm-4001: Attribute 'syn_encoding' is not supported. It is ignored.
W: Adm-4001: Attribute 'syn_encoding' is not supported. It is ignored.
W: Adm-4001: Attribute 'syn_encoding' is not supported. It is ignored.
W: Adm-4001: Attribute 'syn_encoding' is not supported. It is ignored.
W: Adm-4001: Attribute 'syn_encoding' is not supported. It is ignored.
W: Adm-4001: Attribute 'syn_encoding' is not supported. It is ignored.
W: Adm-4001: Attribute 'syn_encoding' is not supported. It is ignored.
W: Adm-4001: Attribute 'syn_encoding' is not supported. It is ignored.
W: Adm-4001: Attribute 'syn_encoding' is not supported. It is ignored.
W: Adm-4001: Attribute 'syn_encoding' is not supported. It is ignored.
W: Adm-4001: Attribute 'syn_encoding' is not supported. It is ignored.
W: Adm-4001: Attribute 'syn_encoding' is not supported. It is ignored.
W: Adm-4001: Attribute 'syn_encoding' is not supported. It is ignored.
W: Adm-4001: Attribute 'syn_encoding' is not supported. It is ignored.
W: Adm-4001: Attribute 'syn_encoding' is not supported. It is ignored.
W: Adm-4001: Attribute 'syn_encoding' is not supported. It is ignored.
W: Adm-4001: Attribute 'syn_encoding' is not supported. It is ignored.
W: Adm-4001: Attribute 'syn_encoding' is not supported. It is ignored.
W: Adm-4001: Attribute 'syn_encoding' is not supported. It is ignored.
W: Adm-4001: Attribute 'syn_encoding' is not supported. It is ignored.
W: Adm-4001: Attribute 'syn_encoding' is not supported. It is ignored.
W: Adm-4001: Attribute 'syn_encoding' is not supported. It is ignored.
W: Adm-4001: Attribute 'syn_encoding' is not supported. It is ignored.
W: Adm-4001: Attribute 'syn_encoding' is not supported. It is ignored.
W: Adm-4001: Attribute 'syn_encoding' is not supported. It is ignored.
W: Adm-4001: Attribute 'syn_encoding' is not supported. It is ignored.
W: Adm-4001: Attribute 'syn_encoding' is not supported. It is ignored.
W: Adm-4001: Attribute 'syn_encoding' is not supported. It is ignored.
W: Adm-4001: Attribute 'syn_encoding' is not supported. It is ignored.
W: Adm-4001: Attribute 'syn_encoding' is not supported. It is ignored.
W: Adm-4001: Attribute 'syn_encoding' is not supported. It is ignored.
W: Adm-4001: Attribute 'syn_encoding' is not supported. It is ignored.
W: Adm-4001: Attribute 'syn_encoding' is not supported. It is ignored.
W: Adm-4001: Attribute 'syn_encoding' is not supported. It is ignored.
W: Adm-4001: Attribute 'syn_encoding' is not supported. It is ignored.
W: Adm-4001: Attribute 'syn_encoding' is not supported. It is ignored.
W: Adm-4001: Attribute 'syn_encoding' is not supported. It is ignored.
W: Adm-4001: Attribute 'syn_encoding' is not supported. It is ignored.
W: Adm-4001: Attribute 'syn_encoding' is not supported. It is ignored.
W: Adm-4001: Attribute 'syn_encoding' is not supported. It is ignored.
W: Adm-4001: Attribute 'syn_encoding' is not supported. It is ignored.
W: Adm-4001: Attribute 'syn_encoding' is not supported. It is ignored.
W: Adm-4001: Attribute 'syn_encoding' is not supported. It is ignored.
W: Adm-4001: Attribute 'syn_encoding' is not supported. It is ignored.
W: Adm-4001: Attribute 'syn_encoding' is not supported. It is ignored.
W: Adm-4001: Attribute 'syn_encoding' is not supported. It is ignored.
W: Adm-4001: Attribute 'syn_encoding' is not supported. It is ignored.
W: Adm-4001: Attribute 'syn_encoding' is not supported. It is ignored.
W: Adm-4001: Attribute 'syn_encoding' is not supported. It is ignored.
W: Adm-4001: Attribute 'syn_encoding' is not supported. It is ignored.
W: Adm-4001: Attribute 'syn_encoding' is not supported. It is ignored.
W: Adm-4001: Attribute 'syn_encoding' is not supported. It is ignored.
W: Adm-4001: Attribute 'syn_encoding' is not supported. It is ignored.
W: Adm-4001: Attribute 'syn_encoding' is not supported. It is ignored.
W: Adm-4001: Attribute 'syn_encoding' is not supported. It is ignored.
W: Adm-4001: Attribute 'syn_encoding' is not supported. It is ignored.
W: Adm-4001: Attribute 'syn_encoding' is not supported. It is ignored.
Compiling file 'D:/PDS_FPGA/Audio_test/synthesize/TOP_syn.adf' successful.
Creating module hierarchy.
Collecting net information.
*************************************************************************
*
*  Design Parsing Done.
*
*************************************************************************
Read project 'D:/PDS_FPGA/Audio_test/synthesize/voice_loop_test_syn.fic' Successfully.
M_PROCESS_FINISH_STARTED

I: Inserter-6007: The TriggerPort1 has deleted.
W: Inserter-4008: Net connections is modified to make channels in sequence.
W: Inserter-4008: Net connections is modified to make channels in sequence.
Successfully Write Project D:/PDS_FPGA/Audio_test/synthesize/voice_loop_test_syn.fic.
