#Build: Fabric Compiler 2022.2-SP1-Lite, Build 132640, Aug 18 15:12 2023
#Install: D:\PDS_FPGA\PDS_2022.2-SP1-Lite\bin
#Application name: pds_shell.exe
#OS: Windows 10 10.0.22631
#Hostname: LAPTOP-M8RAEIUM
Generated by Fabric Compiler (version 2022.2-SP1-Lite build 132640) at Thu Aug 15 05:29:06 2024
Compiling verification operator library.
Compiling common defs.
Compiling prim grid devices.
Compiling gate devices.
Compiling gate operators.
Building architecture model.
Loading device packaging model.
Reading design from DB.
Start Generating Programming File...
Reading design from DB takes 4.421875 sec.
Generating architecture configuration.
The bitstream file is "D:/PDS_FPGA/Audio_test/generate_bitstream/TOP.sbit"
Generate programming file takes 26.062500 sec.
Generating Programming File done.
Action gen_bit_stream: Real time elapsed is 0h:0m:40s
Action gen_bit_stream: CPU time elapsed is 0h:0m:33s
Action gen_bit_stream: Process CPU time elapsed is 0h:0m:33s
Current time: Thu Aug 15 05:29:44 2024
Action gen_bit_stream: Peak memory pool usage is 978 MB
