IP Generator (Version 2022.2-SP1-Lite build 132640)
Start generating at 2024-08-04 13:27
Instance: MFCCS13_RAM (D:\PDS_FPGA\Audio_test\ipcore\MFCCS13_RAM\MFCCS13_RAM.idf)
IP: Pango DRM Based Simple Dual Port RAM (1.6)
Part: Logos-PGL50H-FBG484--6
Create directory 'rtl' ...
Copy 'rtl\ipml_sdpram_v1_6.v.xml' to 'rtl' ...
Compile file 'rtl\ipml_sdpram_v1_6.v.xml' to 'rtl\ipml_sdpram_v1_6_MFCCS13_RAM.v' ...
Copy 'ipml_sdpram_wrapper_v1_6.v.xml' ...
Compile file 'ipml_sdpram_wrapper_v1_6.v.xml' to 'MFCCS13_RAM.v' ...
Found top module 'MFCCS13_RAM' in file 'MFCCS13_RAM.v'.
Copy 'ipml_sdpram_wrapper_v1_3_tb.v.xml' ...
Compile file 'ipml_sdpram_wrapper_v1_3_tb.v.xml' to 'MFCCS13_RAM_tb.v' ...
Copy 'init_param_bin_exmp.dat' ...
Copy 'init_param_hex_exmp.dat' ...
Run file 'createParam.tcl' ...
Create template file 'MFCCS13_RAM_tmpl.v' ...
Create template file 'MFCCS13_RAM_tmpl.vhdl' ...
There are 2 source files to synthesize.
Synthesis is disabled.
Done: 0 error(s), 0 warning(s)
