IP Generator (Version 2022.2-SP1-Lite build 132640)
Start generating at 2024-05-05 19:07
Instance: fft_ram_1024 (D:\PDS_FPGA\Audio_test\ipcore\fft_ram_1024\fft_ram_1024.idf)
IP: Pango DRM Based Simple Dual Port RAM (1.6)
Part: Logos-PGL50H-FBG484--6
Create directory 'rtl' ...
Copy 'rtl\ipml_sdpram_v1_6.v.xml' to 'rtl' ...
Compile file 'rtl\ipml_sdpram_v1_6.v.xml' to 'rtl\ipml_sdpram_v1_6_fft_ram_1024.v' ...
Copy 'ipml_sdpram_wrapper_v1_6.v.xml' ...
Compile file 'ipml_sdpram_wrapper_v1_6.v.xml' to 'fft_ram_1024.v' ...
Found top module 'fft_ram_1024' in file 'fft_ram_1024.v'.
Copy 'ipml_sdpram_wrapper_v1_3_tb.v.xml' ...
Compile file 'ipml_sdpram_wrapper_v1_3_tb.v.xml' to 'fft_ram_1024_tb.v' ...
Copy 'init_param_bin_exmp.dat' ...
Copy 'init_param_hex_exmp.dat' ...
Run file 'createParam.tcl' ...
Create template file 'fft_ram_1024_tmpl.v' ...
Create template file 'fft_ram_1024_tmpl.vhdl' ...
There are 2 source files to synthesize.
Synthesis is disabled.
Done: 0 error(s), 0 warning(s)
