IP Generator (Version 2022.2-SP1-Lite build 132640)
Start generating at 2024-08-07 15:18
Instance: vblg14x12_2 (D:\PDS_FPGA\Audio_test\ipcore\vblg14x12_2\vblg14x12_2.idf)
IP: Pango DRM Based Simple Dual Port RAM (1.6)
Part: Logos-PGL50H-FBG484--6
Create directory 'rtl' ...
Copy 'rtl\ipml_sdpram_v1_6.v.xml' to 'rtl' ...
Compile file 'rtl\ipml_sdpram_v1_6.v.xml' to 'rtl\ipml_sdpram_v1_6_vblg14x12_2.v' ...
Copy 'ipml_sdpram_wrapper_v1_6.v.xml' ...
Compile file 'ipml_sdpram_wrapper_v1_6.v.xml' to 'vblg14x12_2.v' ...
Found top module 'vblg14x12_2' in file 'vblg14x12_2.v'.
Copy 'ipml_sdpram_wrapper_v1_3_tb.v.xml' ...
Compile file 'ipml_sdpram_wrapper_v1_3_tb.v.xml' to 'vblg14x12_2_tb.v' ...
Copy 'init_param_bin_exmp.dat' ...
Copy 'init_param_hex_exmp.dat' ...
Run file 'createParam.tcl' ...
Create template file 'vblg14x12_2_tmpl.v' ...
Create template file 'vblg14x12_2_tmpl.vhdl' ...
There are 2 source files to synthesize.
Synthesis is disabled.
Done: 0 error(s), 0 warning(s)
