#Build: Fabric Compiler 2022.2-SP1-Lite, Build 132640, Aug 18 15:10 2023
#Install: D:\PDS_FPGA\PDS_2022.2-SP1-Lite\bin
#Application name: pds.exe
#OS: Windows 10 10.0.22631
#Hostname: LAPTOP-M8RAEIUM
Generated by Fabric Compiler (version 2022.2-SP1-Lite build 132640) at Sun Sep  1 13:34:28 2024
Parse module hierarchy of project 'D:/PDS_FPGA/Audio_test2/temp_projects/Main_Flow/Main_Flow.pds' (ADS Parser)
File "D:/PDS_FPGA/Audio_test2/source/VQ_identifys_MIN_D.v" has been removed from project successfully. 
File "D:/PDS_FPGA/Audio_test2/source/arbiter.v" has been removed from project successfully. 
File "D:/PDS_FPGA/Audio_test2/source/source/display/display_top.v" has been removed from project successfully. 
File "D:/PDS_FPGA/Audio_test2/source/source/fft_hami.v" has been removed from project successfully. 
File "D:/PDS_FPGA/Audio_test2/source/source/display/fft_top.v" has been removed from project successfully. 
File "D:/PDS_FPGA/Audio_test2/source/hpss_fir.v" has been removed from project successfully. 
File "D:/PDS_FPGA/Audio_test2/source/pp-1024/released/ipsxb_fft_demo_pp_1024.v" has been removed from project successfully. 
File "D:/PDS_FPGA/Audio_test2/source/pp-1024/released/ipsxe_fft_exp_rom.v" has been removed from project successfully. 
File "D:/PDS_FPGA/Audio_test2/source/HDMI_top/pattern_vg.v" has been removed from project successfully. 
File "D:/PDS_FPGA/Audio_test2/source/source/pre_add.v" has been removed from project successfully. 
File "D:/PDS_FPGA/Audio_test2/source/simplified_AXI.v" has been removed from project successfully. 
File "D:/PDS_FPGA/Audio_test2/source/source/sin.v" has been removed from project successfully. 
File "D:/PDS_FPGA/Audio_test2/source/HDMI_top/sync_vg.v" has been removed from project successfully. 
File "D:/PDS_FPGA/Audio_test2/source/voice_loop.v" has been removed from project successfully. 
File "D:/PDS_FPGA/Audio_test2/source/x_h_7_rom/x_h_7_rom.v" has been removed from project successfully. 
File "D:/PDS_FPGA/Audio_test2/ipcore/LBG_16X13_rom1_1/LBG_16X13_rom1_1.idf" has been removed from project successfully. 
File "D:/PDS_FPGA/Audio_test2/ipcore/LBG_16X13_rom1_4/LBG_16X13_rom1_4.idf" has been removed from project successfully. 
File "D:/PDS_FPGA/Audio_test2/ipcore/LBG_16X13_rom1_3/LBG_16X13_rom1_3.idf" has been removed from project successfully. 
File "D:/PDS_FPGA/Audio_test2/ipcore/LBG_16X13_rom_2/LBG_16X13_rom_2.idf" has been removed from project successfully. 
File "D:/PDS_FPGA/Audio_test2/ipcore/Median/Median.idf" has been removed from project successfully. 
File "D:/PDS_FPGA/Audio_test2/ipcore/LBG_16X13_rom_1/LBG_16X13_rom_1.idf" has been removed from project successfully. 
File "D:/PDS_FPGA/Audio_test2/ipcore/Median_fifo/Median_fifo.idf" has been removed from project successfully. 
File "D:/PDS_FPGA/Audio_test2/ipcore/MFCC_melbank/MFCC_melbank.idf" has been removed from project successfully. 
File "D:/PDS_FPGA/Audio_test2/ipcore/melbank_2/melbank_2.idf" has been removed from project successfully. 
File "D:/PDS_FPGA/Audio_test2/ipcore/VQ_classify_ram1/VQ_classify_ram1.idf" has been removed from project successfully. 
File "D:/PDS_FPGA/Audio_test2/ipcore/melbank_3/melbank_3.idf" has been removed from project successfully. 
File "D:/PDS_FPGA/Audio_test2/ipcore/melbank_4/melbank_4.idf" has been removed from project successfully. 
File "D:/PDS_FPGA/Audio_test2/ipcore/melbank_5/melbank_5.idf" has been removed from project successfully. 
File "D:/PDS_FPGA/Audio_test2/ipcore/melbank_6/melbank_6.idf" has been removed from project successfully. 
File "D:/PDS_FPGA/Audio_test2/ipcore/melbank_1/melbank_1.idf" has been removed from project successfully. 
File "D:/PDS_FPGA/Audio_test2/ipcore/x_h_7_rom/x_h_7_rom.idf" has been removed from project successfully. 
File "D:/PDS_FPGA/Audio_test2/ipcore/vblg14x12_2/vblg14x12_2.idf" has been removed from project successfully. 
Parse module hierarchy of project 'D:/PDS_FPGA/Audio_test2/temp_projects/Main_Flow/Main_Flow.pds' (ADS Parser)
File "D:/PDS_FPGA/Audio_test2/source/AXI_rw_FIFO.v" has been removed from project successfully. 
File "D:/PDS_FPGA/Audio_test2/source/u_Adaptive_filtering_move.v" has been removed from project successfully. 
File "D:/PDS_FPGA/Audio_test2/source/DDR3_interface_top.v" has been removed from project successfully. 
File "D:/PDS_FPGA/Audio_test2/source/D_update.v" has been removed from project successfully. 
File "D:/PDS_FPGA/Audio_test2/source/Echo_cancellation_LMS.v" has been removed from project successfully. 
File "D:/PDS_FPGA/Audio_test2/source/source/rtl/HDMI_top.v" has been removed from project successfully. 
File "D:/PDS_FPGA/Audio_test2/source/source/HPSS.v" has been removed from project successfully. 
File "D:/PDS_FPGA/Audio_test2/source/LBG_mean2.v" has been removed from project successfully. 
Parse module hierarchy of project 'D:/PDS_FPGA/Audio_test2/temp_projects/Main_Flow/Main_Flow.pds' (ADS Parser)
File "D:/PDS_FPGA/Audio_test2/source/source/display/ad_fft_fifo_ctrl.v" has been removed from project successfully. 
File "D:/PDS_FPGA/Audio_test2/source/source/display/char_display.v" has been removed from project successfully. 
File "D:/PDS_FPGA/Audio_test2/source/source/display/color_bar.v" has been removed from project successfully. 
File "D:/PDS_FPGA/Audio_test2/source/source/display/data_modulus.v" has been removed from project successfully. 
File "D:/PDS_FPGA/Audio_test2/source/dot.v" has been removed from project successfully. 
File "D:/PDS_FPGA/Audio_test2/source/source/display/fft_display.v" has been removed from project successfully. 
File "D:/PDS_FPGA/Audio_test2/source/source/display/fft_display_ap.v" has been removed from project successfully. 
File "D:/PDS_FPGA/Audio_test2/source/source/display/grid_display.v" has been removed from project successfully. 
File "D:/PDS_FPGA/Audio_test2/source/iFFT_hpss.v" has been removed from project successfully. 
File "D:/PDS_FPGA/Audio_test2/source/rtl/ipml_rom_v1_5_x_h_7_rom.v" has been removed from project successfully. 
File "D:/PDS_FPGA/Audio_test2/source/HDMI_top/ms72xx_ctl.v" has been removed from project successfully. 
File "D:/PDS_FPGA/Audio_test2/source/tiaozhi.v" has been removed from project successfully. 
File "D:/PDS_FPGA/Audio_test2/source/HDMI_top/video_driver.v" has been removed from project successfully. 
File "D:/PDS_FPGA/Audio_test2/source/w_updata.v" has been removed from project successfully. 
File "D:/PDS_FPGA/Audio_test2/source/source/display/wave_display.v" has been removed from project successfully. 
File "D:/PDS_FPGA/Audio_test2/ipcore/axi_fifo_video/axi_fifo_video.idf" has been removed from project successfully. 
File "D:/PDS_FPGA/Audio_test2/ipcore/ddr3_interface/ddr3_interface.idf" has been removed from project successfully. 
File "D:/PDS_FPGA/Audio_test2/ipcore/LMS_FIFO/LMS_FIFO.idf" has been removed from project successfully. 
File "D:/PDS_FPGA/Audio_test2/ipcore/axi_fifo_o/axi_fifo_o.idf" has been removed from project successfully. 
Parse module hierarchy of project 'D:/PDS_FPGA/Audio_test2/temp_projects/Main_Flow/Main_Flow.pds' (ADS Parser)
File "D:/PDS_FPGA/Audio_test2/source/source/display/ES7243E_sample.v" has been removed from project successfully. 
File "D:/PDS_FPGA/Audio_test2/source/Median_filtering.v" has been removed from project successfully. 
File "D:/PDS_FPGA/Audio_test2/source/S_H.v" has been removed from project successfully. 
Parse module hierarchy of project 'D:/PDS_FPGA/Audio_test2/temp_projects/Main_Flow/Main_Flow.pds' (ADS Parser)
File "D:/PDS_FPGA/Audio_test2/source/source/display/fft_ram_ctrl.v" has been removed from project successfully. 
File "D:/PDS_FPGA/Audio_test2/source/rtl/ipml_spram_v1_5_x_h_7_rom.v" has been removed from project successfully. 
File "D:/PDS_FPGA/Audio_test2/source/midian.v" has been removed from project successfully. 
File "D:/PDS_FPGA/Audio_test2/source/source/display/ms72xx_ctl.v" has been removed from project successfully. 
File "D:/PDS_FPGA/Audio_test2/source/source/display/sqrt.v" has been removed from project successfully. 
File "D:/PDS_FPGA/Audio_test2/source/source/display/timing_gen_xy.v" has been removed from project successfully. 
File "D:/PDS_FPGA/Audio_test2/source/x_7.v" has been removed from project successfully. 
File "D:/PDS_FPGA/Audio_test2/ipcore/Echo_cancellation_LMS_ram/Echo_cancellation_LMS_ram.idf" has been removed from project successfully. 
File "D:/PDS_FPGA/Audio_test2/ipcore/fifo_2048x16/fifo_2048x16.idf" has been removed from project successfully. 
File "D:/PDS_FPGA/Audio_test2/ipcore/w_lms_ram/w_lms_ram.idf" has been removed from project successfully. 
File "D:/PDS_FPGA/Audio_test2/ipcore/dpram1024x16/dpram1024x16.idf" has been removed from project successfully. 
File "D:/PDS_FPGA/Audio_test2/ipcore/sram_1024x16/sram_1024x16.idf" has been removed from project successfully. 
File "D:/PDS_FPGA/Audio_test2/ipcore/Median_ram/Median_ram.idf" has been removed from project successfully. 
Parse module hierarchy of project 'D:/PDS_FPGA/Audio_test2/temp_projects/Main_Flow/Main_Flow.pds' (ADS Parser)
File "D:/PDS_FPGA/Audio_test2/source/HDMI_top/iic_dri.v" has been removed from project successfully. 
File "D:/PDS_FPGA/Audio_test2/source/min_mid_max_3.v" has been removed from project successfully. 
File "D:/PDS_FPGA/Audio_test2/source/HDMI_top/ms7200_ctl.v" has been removed from project successfully. 
File "D:/PDS_FPGA/Audio_test2/source/HDMI_top/ms7210_ctl.v" has been removed from project successfully. 
File "D:/PDS_FPGA/Audio_test2/source/radix2/sqrt.v" has been removed from project successfully. 
File "D:/PDS_FPGA/Audio_test2/ipcore/ram_1024x9/ram_1024x9.idf" has been removed from project successfully. 
Parse module hierarchy of project 'D:/PDS_FPGA/Audio_test2/temp_projects/Main_Flow/Main_Flow.pds' (ADS Parser)
W: No IP source file has been added to design or simulation category, no conflict. 
File "D:/PDS_FPGA/Audio_test2/source/source/display/iic_dri.v" has been removed from project successfully. 
File "D:/PDS_FPGA/Audio_test2/source/source/display/ms7200_ctl.v" has been removed from project successfully. 
File "D:/PDS_FPGA/Audio_test2/source/source/display/ms7210_ctl.v" has been removed from project successfully. 
Parse module hierarchy of project 'D:/PDS_FPGA/Audio_test2/temp_projects/Main_Flow/Main_Flow.pds' (ADS Parser)
File "D:/PDS_FPGA/Audio_test2/source/sim_tb.v" has been removed from project successfully. 
Parse module hierarchy of project 'D:/PDS_FPGA/Audio_test2/temp_projects/Main_Flow/Main_Flow.pds' (ADS Parser)
W: No IP source file has been added to design or simulation category, no conflict. 
File "D:/PDS_FPGA/Audio_test2/source/pcie_dma.v" has been removed from project successfully. 
Parse module hierarchy of project 'D:/PDS_FPGA/Audio_test2/temp_projects/Main_Flow/Main_Flow.pds' (ADS Parser)
W: No IP source file has been added to design or simulation category, no conflict. 
File "D:/PDS_FPGA/Audio_test2/source/S_P.v" has been removed from project successfully. 
File "D:/PDS_FPGA/Audio_test2/source/VQ_LBG.v" has been removed from project successfully. 
File "D:/PDS_FPGA/Audio_test2/source/VQ_classify_ram.v" has been removed from project successfully. 
File "D:/PDS_FPGA/Audio_test2/source/LBG_mean_class.v" has been removed from project successfully. 
File "D:/PDS_FPGA/Audio_test2/source/radix2/distram_sdpram/ipsxe_fft_distram_sdpram.v" has been removed from project successfully. 
File "D:/PDS_FPGA/Audio_test2/source/radix2/distram_sreg/ipsxe_fft_distram_sreg.v" has been removed from project successfully. 
File "D:/PDS_FPGA/Audio_test2/source/radix2/distram_sreg/rtl/ipsxe_fft_distributed_sdpram_v1_2.v" has been removed from project successfully. 
File "D:/PDS_FPGA/Audio_test2/source/radix2/distram_sreg/rtl/ipsxe_fft_distributed_shiftregister_v1_3.v" has been removed from project successfully. 
File "D:/PDS_FPGA/Audio_test2/source/radix2/drm_sdpram/ipsxb_fft_drm_sdpram_9k.v" has been removed from project successfully. 
File "D:/PDS_FPGA/Audio_test2/source/radix2/drm_sdpram/rtl/ipsxb_fft_drm_sdpram_v1_8_9k.v" has been removed from project successfully. 
File "D:/PDS_FPGA/Audio_test2/source/synplify/ipsxe_fft_output_ctrl_v1_0.vp" has been removed from project successfully. 
File "D:/PDS_FPGA/Audio_test2/source/source/FIR/FIR.v" has been removed from project successfully. 
File "D:/PDS_FPGA/Audio_test2/source/x_h_7_rom/x_h_7_rom_tb.v" has been removed from project successfully. 
Parse module hierarchy of project 'D:/PDS_FPGA/Audio_test2/temp_projects/Main_Flow/Main_Flow.pds' (ADS Parser)
