IP Generator (Version 2022.2-SP1-Lite build 132640)
Start generating at 2024-07-13 16:21
Instance: vocie_change_fifo1 (D:\PDS_FPGA\Audio_test\ipcore\vocie_change_fifo1\vocie_change_fifo1.idf)
IP: Pango DRM Based FIFO (1.6)
Part: Logos-PGL50H-FBG484--6
Create directory 'rtl' ...
Copy 'rtl\ipml_fifo_ctrl_v1_3.v' to 'rtl' ...
Copy 'rtl\ipml_fifo_v1_6.v.xml' to 'rtl' ...
Copy 'rtl\ipml_prefetch_fifo_v1_6.v.xml' to 'rtl' ...
Copy 'rtl\ipml_reg_fifo_v1_0.v' to 'rtl' ...
Copy 'rtl\ipml_sdpram_v1_6.v.xml' to 'rtl' ...
Compile file 'rtl\ipml_sdpram_v1_6.v.xml' to 'rtl\ipml_sdpram_v1_6_vocie_change_fifo1.v' ...
Compile file 'rtl\ipml_fifo_v1_6.v.xml' to 'rtl\ipml_fifo_v1_6_vocie_change_fifo1.v' ...
Compile file 'rtl\ipml_prefetch_fifo_v1_6.v.xml' to 'rtl\ipml_prefetch_fifo_v1_6_vocie_change_fifo1.v' ...
Copy 'ipml_fifo_wrapper_v1_6.v.xml' ...
Compile file 'ipml_fifo_wrapper_v1_6.v.xml' to 'vocie_change_fifo1.v' ...
Found top module 'vocie_change_fifo1' in file 'vocie_change_fifo1.v'.
Copy 'ipml_prefetch_fifo_wrapper_v1_6.v.xml' ...
Compile file 'ipml_prefetch_fifo_wrapper_v1_6.v.xml' to 'vocie_change_fifo1_prefetch.v' ...
Copy 'ipml_fifo_wrapper_v1_3_tb.v.xml' ...
Compile file 'ipml_fifo_wrapper_v1_3_tb.v.xml' to 'vocie_change_fifo1_tb.v' ...
Create template file 'vocie_change_fifo1_tmpl.v' ...
Create template file 'vocie_change_fifo1_tmpl.vhdl' ...
There are 4 source files to synthesize.
Synthesis is disabled.
Done: 0 error(s), 0 warning(s)
