IP Generator (Version 2022.2-SP1-Lite build 132640)
Start generating at 2024-08-11 00:48
Instance: LBG_16X13_rom1_3 (D:\PDS_FPGA\Audio_test\ipcore\LBG_16X13_rom1_3\LBG_16X13_rom1_3.idf)
IP: Pango Distributed ROM (1.3)
Part: Logos-PGL50H-FBG484--6
Create directory 'rtl' ...
Copy 'rtl\ipm_distributed_rom_v1_3.v.xml' to 'rtl' ...
Compile file 'rtl\ipm_distributed_rom_v1_3.v.xml' to 'rtl\ipm_distributed_rom_v1_3_LBG_16X13_rom1_3.v' ...
Copy 'ipm_distributed_rom_wrapper_v1_3.v.xml' ...
Copy 'ipm_distributed_rom_wrapper_v1_3_tb.v.xml' ...
Copy 'init_param_bin_exmp.dat' ...
Copy 'init_param_hex_exmp.dat' ...
Compile file 'ipm_distributed_rom_wrapper_v1_3.v.xml' to 'LBG_16X13_rom1_3.v' ...
Found top module 'LBG_16X13_rom1_3' in file 'LBG_16X13_rom1_3.v'.
Compile file 'ipm_distributed_rom_wrapper_v1_3_tb.v.xml' to 'LBG_16X13_rom1_3_tb.v' ...
Create template file 'LBG_16X13_rom1_3_tmpl.v' ...
Create template file 'LBG_16X13_rom1_3_tmpl.vhdl' ...
There are 2 source files to synthesize.
Synthesis is disabled.
Done: 0 error(s), 0 warning(s)
