IP Generator (Version 2022.2-SP1-Lite build 132640)
Start generating at 2024-08-03 23:21
Instance: DCT_COS (D:\PDS_FPGA\Audio_test\ipcore\DCT_COS\DCT_COS.idf)
IP: Pango Distributed ROM (1.3)
Part: Logos-PGL50H-FBG484--6
Create directory 'rtl' ...
Copy 'rtl\ipm_distributed_rom_v1_3.v.xml' to 'rtl' ...
Compile file 'rtl\ipm_distributed_rom_v1_3.v.xml' to 'rtl\ipm_distributed_rom_v1_3_DCT_COS.v' ...
Copy 'ipm_distributed_rom_wrapper_v1_3.v.xml' ...
Copy 'ipm_distributed_rom_wrapper_v1_3_tb.v.xml' ...
Copy 'init_param_bin_exmp.dat' ...
Copy 'init_param_hex_exmp.dat' ...
Compile file 'ipm_distributed_rom_wrapper_v1_3.v.xml' to 'DCT_COS.v' ...
Found top module 'DCT_COS' in file 'DCT_COS.v'.
Compile file 'ipm_distributed_rom_wrapper_v1_3_tb.v.xml' to 'DCT_COS_tb.v' ...
Create template file 'DCT_COS_tmpl.v' ...
Create template file 'DCT_COS_tmpl.vhdl' ...
There are 2 source files to synthesize.
Synthesis is disabled.
Done: 0 error(s), 0 warning(s)
