IP Generator (Version 2022.2-SP1-Lite build 132640)
Start generating at 2024-06-23 18:40
Instance: Echo_cancellation_LMS_ram (D:\PDS_FPGA\Audio_test\ipcore\Echo_cancellation_LMS_ram\Echo_cancellation_LMS_ram.idf)
IP: Pango DRM Based Simple Dual Port RAM (1.6)
Part: Logos-PGL50H-FBG484--6
Create directory 'rtl' ...
Copy 'rtl\ipml_sdpram_v1_6.v.xml' to 'rtl' ...
Compile file 'rtl\ipml_sdpram_v1_6.v.xml' to 'rtl\ipml_sdpram_v1_6_Echo_cancellation_LMS_ram.v' ...
Copy 'ipml_sdpram_wrapper_v1_6.v.xml' ...
Compile file 'ipml_sdpram_wrapper_v1_6.v.xml' to 'Echo_cancellation_LMS_ram.v' ...
Found top module 'Echo_cancellation_LMS_ram' in file 'Echo_cancellation_LMS_ram.v'.
Copy 'ipml_sdpram_wrapper_v1_3_tb.v.xml' ...
Compile file 'ipml_sdpram_wrapper_v1_3_tb.v.xml' to 'Echo_cancellation_LMS_ram_tb.v' ...
Copy 'init_param_bin_exmp.dat' ...
Copy 'init_param_hex_exmp.dat' ...
Run file 'createParam.tcl' ...
Create template file 'Echo_cancellation_LMS_ram_tmpl.v' ...
Create template file 'Echo_cancellation_LMS_ram_tmpl.vhdl' ...
There are 2 source files to synthesize.
Synthesis is disabled.
Done: 0 error(s), 0 warning(s)
