IP Generator (Version 2022.2-SP1-Lite build 132640)
Start generating at 2024-08-08 03:39
Instance: MFCC_LOG_RAM18X24 (D:\PDS_FPGA\Audio_test\ipcore\MFCC_LOG_RAM18X24\MFCC_LOG_RAM18X24.idf)
IP: Pango DRM Based Simple Dual Port RAM (1.6)
Part: Logos-PGL50H-FBG484--6
Create directory 'rtl' ...
Copy 'rtl\ipml_sdpram_v1_6.v.xml' to 'rtl' ...
Compile file 'rtl\ipml_sdpram_v1_6.v.xml' to 'rtl\ipml_sdpram_v1_6_MFCC_LOG_RAM18X24.v' ...
Copy 'ipml_sdpram_wrapper_v1_6.v.xml' ...
Compile file 'ipml_sdpram_wrapper_v1_6.v.xml' to 'MFCC_LOG_RAM18X24.v' ...
Found top module 'MFCC_LOG_RAM18X24' in file 'MFCC_LOG_RAM18X24.v'.
Copy 'ipml_sdpram_wrapper_v1_3_tb.v.xml' ...
Compile file 'ipml_sdpram_wrapper_v1_3_tb.v.xml' to 'MFCC_LOG_RAM18X24_tb.v' ...
Copy 'init_param_bin_exmp.dat' ...
Copy 'init_param_hex_exmp.dat' ...
Run file 'createParam.tcl' ...
Create template file 'MFCC_LOG_RAM18X24_tmpl.v' ...
Create template file 'MFCC_LOG_RAM18X24_tmpl.vhdl' ...
There are 2 source files to synthesize.
Synthesis is disabled.
Done: 0 error(s), 0 warning(s)
