#Build: Fabric Compiler 2022.2-SP1-Lite, Build 132640, Aug 18 15:12 2023
#Install: D:\PDS_FPGA\PDS_2022.2-SP1-Lite\bin
#Application name: pds_shell.exe
#OS: Windows 10 10.0.22631
#Hostname: LAPTOP-M8RAEIUM
Generated by Fabric Compiler (version 2022.2-SP1-Lite build 132640) at Thu Aug 15 06:31:52 2024
Compiling verification operator library.
Compiling common defs.
Compiling prim grid devices.
Compiling gate devices.
Compiling gate operators.
Building architecture model.
Loading device packaging model.
pnr strategy configuration : 
strategy name : 0
Building architecture floorplan logic view.
Constraint check start.
Executing : def_port {adc2_es7243_sda} LOC=U12 VCCIO=3.3 IOSTANDARD=LVCMOS33 DRIVE=8 SLEW=SLOW NONE=TRUE
Executing : def_port {adc2_es7243_sda} LOC=U12 VCCIO=3.3 IOSTANDARD=LVCMOS33 DRIVE=8 SLEW=SLOW NONE=TRUE successfully
Executing : def_port {dac2_es8156_sda} LOC=AB9 VCCIO=3.3 IOSTANDARD=LVCMOS33 DRIVE=8 SLEW=SLOW NONE=TRUE
Executing : def_port {dac2_es8156_sda} LOC=AB9 VCCIO=3.3 IOSTANDARD=LVCMOS33 DRIVE=8 SLEW=SLOW NONE=TRUE successfully
Executing : def_port {es7243_sda} LOC=AB10 VCCIO=3.3 IOSTANDARD=LVCMOS33 DRIVE=8 SLEW=SLOW NONE=TRUE
Executing : def_port {es7243_sda} LOC=AB10 VCCIO=3.3 IOSTANDARD=LVCMOS33 DRIVE=8 SLEW=SLOW NONE=TRUE successfully
Executing : def_port {es8156_sda} LOC=AB8 VCCIO=3.3 IOSTANDARD=LVCMOS33 DRIVE=8 SLEW=SLOW NONE=TRUE
Executing : def_port {es8156_sda} LOC=AB8 VCCIO=3.3 IOSTANDARD=LVCMOS33 DRIVE=8 SLEW=SLOW NONE=TRUE successfully
Executing : def_port {hdmi_rx_sda} LOC=V20 VCCIO=3.3 IOSTANDARD=LVCMOS33 DRIVE=8 SLEW=FAST NONE=TRUE
C: ConstraintEditor-2002: [D:/PDS_FPGA/Audio_test/device_map/voice_loop_test.pcf(line number: 7)] | Port hdmi_rx_sda has been placed at location V20, whose type is share pin.
Executing : def_port {hdmi_rx_sda} LOC=V20 VCCIO=3.3 IOSTANDARD=LVCMOS33 DRIVE=8 SLEW=FAST NONE=TRUE successfully
Executing : def_port {hdmi_tx_sda} LOC=P18 VCCIO=3.3 IOSTANDARD=LVCMOS33 DRIVE=8 SLEW=FAST NONE=TRUE
Executing : def_port {hdmi_tx_sda} LOC=P18 VCCIO=3.3 IOSTANDARD=LVCMOS33 DRIVE=8 SLEW=FAST NONE=TRUE successfully
Executing : def_port {adc2_es0_mclk} LOC=W12 VCCIO=3.3 IOSTANDARD=LVCMOS33 DRIVE=8 SLEW=SLOW NONE=TRUE
Executing : def_port {adc2_es0_mclk} LOC=W12 VCCIO=3.3 IOSTANDARD=LVCMOS33 DRIVE=8 SLEW=SLOW NONE=TRUE successfully
Executing : def_port {adc2_es7243_scl} LOC=T12 VCCIO=3.3 IOSTANDARD=LVCMOS33 DRIVE=8 SLEW=SLOW NONE=TRUE
Executing : def_port {adc2_es7243_scl} LOC=T12 VCCIO=3.3 IOSTANDARD=LVCMOS33 DRIVE=8 SLEW=SLOW NONE=TRUE successfully
Executing : def_port {dac2_es1_mclk} LOC=V9 VCCIO=3.3 IOSTANDARD=LVCMOS33 DRIVE=8 SLEW=SLOW NONE=TRUE
Executing : def_port {dac2_es1_mclk} LOC=V9 VCCIO=3.3 IOSTANDARD=LVCMOS33 DRIVE=8 SLEW=SLOW NONE=TRUE successfully
Executing : def_port {dac2_es1_sdout} LOC=U8 VCCIO=3.3 IOSTANDARD=LVCMOS33 DRIVE=8 SLEW=SLOW NONE=TRUE
Executing : def_port {dac2_es1_sdout} LOC=U8 VCCIO=3.3 IOSTANDARD=LVCMOS33 DRIVE=8 SLEW=SLOW NONE=TRUE successfully
Executing : def_port {dac2_es8156_scl} LOC=Y9 VCCIO=3.3 IOSTANDARD=LVCMOS33 DRIVE=8 SLEW=SLOW NONE=TRUE
Executing : def_port {dac2_es8156_scl} LOC=Y9 VCCIO=3.3 IOSTANDARD=LVCMOS33 DRIVE=8 SLEW=SLOW NONE=TRUE successfully
Executing : def_port {es0_mclk} LOC=V11 VCCIO=3.3 IOSTANDARD=LVCMOS33 DRIVE=8 SLEW=SLOW NONE=TRUE
Executing : def_port {es0_mclk} LOC=V11 VCCIO=3.3 IOSTANDARD=LVCMOS33 DRIVE=8 SLEW=SLOW NONE=TRUE successfully
Executing : def_port {es1_mclk} LOC=Y6 VCCIO=3.3 IOSTANDARD=LVCMOS33 DRIVE=8 SLEW=SLOW NONE=TRUE
Executing : def_port {es1_mclk} LOC=Y6 VCCIO=3.3 IOSTANDARD=LVCMOS33 DRIVE=8 SLEW=SLOW NONE=TRUE successfully
Executing : def_port {es1_sdout} LOC=AB5 VCCIO=3.3 IOSTANDARD=LVCMOS33 DRIVE=8 SLEW=SLOW NONE=TRUE
C: ConstraintEditor-2002: [D:/PDS_FPGA/Audio_test/device_map/voice_loop_test.pcf(line number: 16)] | Port es1_sdout has been placed at location AB5, whose type is share pin.
Executing : def_port {es1_sdout} LOC=AB5 VCCIO=3.3 IOSTANDARD=LVCMOS33 DRIVE=8 SLEW=SLOW NONE=TRUE successfully
Executing : def_port {es7243_scl} LOC=AA10 VCCIO=3.3 IOSTANDARD=LVCMOS33 DRIVE=8 SLEW=SLOW NONE=TRUE
Executing : def_port {es7243_scl} LOC=AA10 VCCIO=3.3 IOSTANDARD=LVCMOS33 DRIVE=8 SLEW=SLOW NONE=TRUE successfully
Executing : def_port {es8156_scl} LOC=AA8 VCCIO=3.3 IOSTANDARD=LVCMOS33 DRIVE=8 SLEW=SLOW NONE=TRUE
Executing : def_port {es8156_scl} LOC=AA8 VCCIO=3.3 IOSTANDARD=LVCMOS33 DRIVE=8 SLEW=SLOW NONE=TRUE successfully
Executing : def_port {hdmi_rst_n} LOC=R17 VCCIO=3.3 IOSTANDARD=LVCMOS33 DRIVE=8 SLEW=FAST NONE=TRUE
Executing : def_port {hdmi_rst_n} LOC=R17 VCCIO=3.3 IOSTANDARD=LVCMOS33 DRIVE=8 SLEW=FAST NONE=TRUE successfully
Executing : def_port {hdmi_rx_scl} LOC=V19 VCCIO=3.3 IOSTANDARD=LVCMOS33 DRIVE=8 SLEW=FAST NONE=TRUE
C: ConstraintEditor-2002: [D:/PDS_FPGA/Audio_test/device_map/voice_loop_test.pcf(line number: 20)] | Port hdmi_rx_scl has been placed at location V19, whose type is share pin.
Executing : def_port {hdmi_rx_scl} LOC=V19 VCCIO=3.3 IOSTANDARD=LVCMOS33 DRIVE=8 SLEW=FAST NONE=TRUE successfully
Executing : def_port {hdmi_tx_data[0]} LOC=V21 VCCIO=3.3 IOSTANDARD=LVCMOS33 DRIVE=8 SLEW=FAST NONE=TRUE
Executing : def_port {hdmi_tx_data[0]} LOC=V21 VCCIO=3.3 IOSTANDARD=LVCMOS33 DRIVE=8 SLEW=FAST NONE=TRUE successfully
Executing : def_port {hdmi_tx_data[1]} LOC=V22 VCCIO=3.3 IOSTANDARD=LVCMOS33 DRIVE=8 SLEW=FAST NONE=TRUE
Executing : def_port {hdmi_tx_data[1]} LOC=V22 VCCIO=3.3 IOSTANDARD=LVCMOS33 DRIVE=8 SLEW=FAST NONE=TRUE successfully
Executing : def_port {hdmi_tx_data[2]} LOC=T21 VCCIO=3.3 IOSTANDARD=LVCMOS33 DRIVE=8 SLEW=FAST NONE=TRUE
C: ConstraintEditor-2002: [D:/PDS_FPGA/Audio_test/device_map/voice_loop_test.pcf(line number: 23)] | Port hdmi_tx_data[2] has been placed at location T21, whose type is share pin.
Executing : def_port {hdmi_tx_data[2]} LOC=T21 VCCIO=3.3 IOSTANDARD=LVCMOS33 DRIVE=8 SLEW=FAST NONE=TRUE successfully
Executing : def_port {hdmi_tx_data[3]} LOC=T22 VCCIO=3.3 IOSTANDARD=LVCMOS33 DRIVE=8 SLEW=FAST NONE=TRUE
Executing : def_port {hdmi_tx_data[3]} LOC=T22 VCCIO=3.3 IOSTANDARD=LVCMOS33 DRIVE=8 SLEW=FAST NONE=TRUE successfully
Executing : def_port {hdmi_tx_data[4]} LOC=R20 VCCIO=3.3 IOSTANDARD=LVCMOS33 DRIVE=8 SLEW=FAST NONE=TRUE
C: ConstraintEditor-2002: [D:/PDS_FPGA/Audio_test/device_map/voice_loop_test.pcf(line number: 25)] | Port hdmi_tx_data[4] has been placed at location R20, whose type is share pin.
Executing : def_port {hdmi_tx_data[4]} LOC=R20 VCCIO=3.3 IOSTANDARD=LVCMOS33 DRIVE=8 SLEW=FAST NONE=TRUE successfully
Executing : def_port {hdmi_tx_data[5]} LOC=R22 VCCIO=3.3 IOSTANDARD=LVCMOS33 DRIVE=8 SLEW=FAST NONE=TRUE
C: ConstraintEditor-2002: [D:/PDS_FPGA/Audio_test/device_map/voice_loop_test.pcf(line number: 26)] | Port hdmi_tx_data[5] has been placed at location R22, whose type is share pin.
Executing : def_port {hdmi_tx_data[5]} LOC=R22 VCCIO=3.3 IOSTANDARD=LVCMOS33 DRIVE=8 SLEW=FAST NONE=TRUE successfully
Executing : def_port {hdmi_tx_data[6]} LOC=R19 VCCIO=3.3 IOSTANDARD=LVCMOS33 DRIVE=8 SLEW=FAST NONE=TRUE
Executing : def_port {hdmi_tx_data[6]} LOC=R19 VCCIO=3.3 IOSTANDARD=LVCMOS33 DRIVE=8 SLEW=FAST NONE=TRUE successfully
Executing : def_port {hdmi_tx_data[7]} LOC=P19 VCCIO=3.3 IOSTANDARD=LVCMOS33 DRIVE=8 SLEW=FAST NONE=TRUE
Executing : def_port {hdmi_tx_data[7]} LOC=P19 VCCIO=3.3 IOSTANDARD=LVCMOS33 DRIVE=8 SLEW=FAST NONE=TRUE successfully
Executing : def_port {hdmi_tx_data[8]} LOC=M21 VCCIO=3.3 IOSTANDARD=LVCMOS33 DRIVE=8 SLEW=FAST NONE=TRUE
C: ConstraintEditor-2002: [D:/PDS_FPGA/Audio_test/device_map/voice_loop_test.pcf(line number: 29)] | Port hdmi_tx_data[8] has been placed at location M21, whose type is share pin.
Executing : def_port {hdmi_tx_data[8]} LOC=M21 VCCIO=3.3 IOSTANDARD=LVCMOS33 DRIVE=8 SLEW=FAST NONE=TRUE successfully
Executing : def_port {hdmi_tx_data[9]} LOC=M17 VCCIO=3.3 IOSTANDARD=LVCMOS33 DRIVE=8 SLEW=FAST NONE=TRUE
Executing : def_port {hdmi_tx_data[9]} LOC=M17 VCCIO=3.3 IOSTANDARD=LVCMOS33 DRIVE=8 SLEW=FAST NONE=TRUE successfully
Executing : def_port {hdmi_tx_data[10]} LOC=M18 VCCIO=3.3 IOSTANDARD=LVCMOS33 DRIVE=8 SLEW=FAST NONE=TRUE
Executing : def_port {hdmi_tx_data[10]} LOC=M18 VCCIO=3.3 IOSTANDARD=LVCMOS33 DRIVE=8 SLEW=FAST NONE=TRUE successfully
Executing : def_port {hdmi_tx_data[11]} LOC=M16 VCCIO=3.3 IOSTANDARD=LVCMOS33 DRIVE=8 SLEW=FAST NONE=TRUE
Executing : def_port {hdmi_tx_data[11]} LOC=M16 VCCIO=3.3 IOSTANDARD=LVCMOS33 DRIVE=8 SLEW=FAST NONE=TRUE successfully
Executing : def_port {hdmi_tx_data[12]} LOC=N15 VCCIO=3.3 IOSTANDARD=LVCMOS33 DRIVE=8 SLEW=FAST NONE=TRUE
Executing : def_port {hdmi_tx_data[12]} LOC=N15 VCCIO=3.3 IOSTANDARD=LVCMOS33 DRIVE=8 SLEW=FAST NONE=TRUE successfully
Executing : def_port {hdmi_tx_data[13]} LOC=L19 VCCIO=3.3 IOSTANDARD=LVCMOS33 DRIVE=8 SLEW=FAST NONE=TRUE
C: ConstraintEditor-2002: [D:/PDS_FPGA/Audio_test/device_map/voice_loop_test.pcf(line number: 34)] | Port hdmi_tx_data[13] has been placed at location L19, whose type is share pin.
Executing : def_port {hdmi_tx_data[13]} LOC=L19 VCCIO=3.3 IOSTANDARD=LVCMOS33 DRIVE=8 SLEW=FAST NONE=TRUE successfully
Executing : def_port {hdmi_tx_data[14]} LOC=K20 VCCIO=3.3 IOSTANDARD=LVCMOS33 DRIVE=8 SLEW=FAST NONE=TRUE
C: ConstraintEditor-2002: [D:/PDS_FPGA/Audio_test/device_map/voice_loop_test.pcf(line number: 35)] | Port hdmi_tx_data[14] has been placed at location K20, whose type is share pin.
Executing : def_port {hdmi_tx_data[14]} LOC=K20 VCCIO=3.3 IOSTANDARD=LVCMOS33 DRIVE=8 SLEW=FAST NONE=TRUE successfully
Executing : def_port {hdmi_tx_data[15]} LOC=L17 VCCIO=3.3 IOSTANDARD=LVCMOS33 DRIVE=8 SLEW=FAST NONE=TRUE
C: ConstraintEditor-2002: [D:/PDS_FPGA/Audio_test/device_map/voice_loop_test.pcf(line number: 36)] | Port hdmi_tx_data[15] has been placed at location L17, whose type is share pin.
Executing : def_port {hdmi_tx_data[15]} LOC=L17 VCCIO=3.3 IOSTANDARD=LVCMOS33 DRIVE=8 SLEW=FAST NONE=TRUE successfully
Executing : def_port {hdmi_tx_data[16]} LOC=K17 VCCIO=3.3 IOSTANDARD=LVCMOS33 DRIVE=8 SLEW=FAST NONE=TRUE
C: ConstraintEditor-2002: [D:/PDS_FPGA/Audio_test/device_map/voice_loop_test.pcf(line number: 37)] | Port hdmi_tx_data[16] has been placed at location K17, whose type is share pin.
Executing : def_port {hdmi_tx_data[16]} LOC=K17 VCCIO=3.3 IOSTANDARD=LVCMOS33 DRIVE=8 SLEW=FAST NONE=TRUE successfully
Executing : def_port {hdmi_tx_data[17]} LOC=N19 VCCIO=3.3 IOSTANDARD=LVCMOS33 DRIVE=8 SLEW=FAST NONE=TRUE
Executing : def_port {hdmi_tx_data[17]} LOC=N19 VCCIO=3.3 IOSTANDARD=LVCMOS33 DRIVE=8 SLEW=FAST NONE=TRUE successfully
Executing : def_port {hdmi_tx_data[18]} LOC=J22 VCCIO=3.3 IOSTANDARD=LVCMOS33 DRIVE=8 SLEW=FAST NONE=TRUE
Executing : def_port {hdmi_tx_data[18]} LOC=J22 VCCIO=3.3 IOSTANDARD=LVCMOS33 DRIVE=8 SLEW=FAST NONE=TRUE successfully
Executing : def_port {hdmi_tx_data[19]} LOC=J20 VCCIO=3.3 IOSTANDARD=LVCMOS33 DRIVE=8 SLEW=FAST NONE=TRUE
Executing : def_port {hdmi_tx_data[19]} LOC=J20 VCCIO=3.3 IOSTANDARD=LVCMOS33 DRIVE=8 SLEW=FAST NONE=TRUE successfully
Executing : def_port {hdmi_tx_data[20]} LOC=K22 VCCIO=3.3 IOSTANDARD=LVCMOS33 DRIVE=8 SLEW=FAST NONE=TRUE
Executing : def_port {hdmi_tx_data[20]} LOC=K22 VCCIO=3.3 IOSTANDARD=LVCMOS33 DRIVE=8 SLEW=FAST NONE=TRUE successfully
Executing : def_port {hdmi_tx_data[21]} LOC=H21 VCCIO=3.3 IOSTANDARD=LVCMOS33 DRIVE=8 SLEW=FAST NONE=TRUE
C: ConstraintEditor-2002: [D:/PDS_FPGA/Audio_test/device_map/voice_loop_test.pcf(line number: 42)] | Port hdmi_tx_data[21] has been placed at location H21, whose type is share pin.
Executing : def_port {hdmi_tx_data[21]} LOC=H21 VCCIO=3.3 IOSTANDARD=LVCMOS33 DRIVE=8 SLEW=FAST NONE=TRUE successfully
Executing : def_port {hdmi_tx_data[22]} LOC=H22 VCCIO=3.3 IOSTANDARD=LVCMOS33 DRIVE=8 SLEW=FAST NONE=TRUE
C: ConstraintEditor-2002: [D:/PDS_FPGA/Audio_test/device_map/voice_loop_test.pcf(line number: 43)] | Port hdmi_tx_data[22] has been placed at location H22, whose type is share pin.
Executing : def_port {hdmi_tx_data[22]} LOC=H22 VCCIO=3.3 IOSTANDARD=LVCMOS33 DRIVE=8 SLEW=FAST NONE=TRUE successfully
Executing : def_port {hdmi_tx_data[23]} LOC=H19 VCCIO=3.3 IOSTANDARD=LVCMOS33 DRIVE=8 SLEW=FAST NONE=TRUE
C: ConstraintEditor-2002: [D:/PDS_FPGA/Audio_test/device_map/voice_loop_test.pcf(line number: 44)] | Port hdmi_tx_data[23] has been placed at location H19, whose type is share pin.
Executing : def_port {hdmi_tx_data[23]} LOC=H19 VCCIO=3.3 IOSTANDARD=LVCMOS33 DRIVE=8 SLEW=FAST NONE=TRUE successfully
Executing : def_port {hdmi_tx_de} LOC=Y22 VCCIO=3.3 IOSTANDARD=LVCMOS33 DRIVE=8 SLEW=FAST NONE=TRUE
Executing : def_port {hdmi_tx_de} LOC=Y22 VCCIO=3.3 IOSTANDARD=LVCMOS33 DRIVE=8 SLEW=FAST NONE=TRUE successfully
Executing : def_port {hdmi_tx_hs} LOC=Y21 VCCIO=3.3 IOSTANDARD=LVCMOS33 DRIVE=8 SLEW=FAST NONE=TRUE
Executing : def_port {hdmi_tx_hs} LOC=Y21 VCCIO=3.3 IOSTANDARD=LVCMOS33 DRIVE=8 SLEW=FAST NONE=TRUE successfully
Executing : def_port {hdmi_tx_pix_clk} LOC=M22 VCCIO=3.3 IOSTANDARD=LVCMOS33 DRIVE=8 SLEW=FAST NONE=TRUE
C: ConstraintEditor-2002: [D:/PDS_FPGA/Audio_test/device_map/voice_loop_test.pcf(line number: 47)] | Port hdmi_tx_pix_clk has been placed at location M22, whose type is share pin.
Executing : def_port {hdmi_tx_pix_clk} LOC=M22 VCCIO=3.3 IOSTANDARD=LVCMOS33 DRIVE=8 SLEW=FAST NONE=TRUE successfully
Executing : def_port {hdmi_tx_scl} LOC=P17 VCCIO=3.3 IOSTANDARD=LVCMOS33 DRIVE=8 SLEW=FAST NONE=TRUE
Executing : def_port {hdmi_tx_scl} LOC=P17 VCCIO=3.3 IOSTANDARD=LVCMOS33 DRIVE=8 SLEW=FAST NONE=TRUE successfully
Executing : def_port {hdmi_tx_vs} LOC=W20 VCCIO=3.3 IOSTANDARD=LVCMOS33 DRIVE=8 SLEW=FAST NONE=TRUE
Executing : def_port {hdmi_tx_vs} LOC=W20 VCCIO=3.3 IOSTANDARD=LVCMOS33 DRIVE=8 SLEW=FAST NONE=TRUE successfully
Executing : def_port {led[0]} LOC=B2 VCCIO=3.3 IOSTANDARD=LVCMOS33 DRIVE=8 SLEW=FAST NONE=TRUE
Executing : def_port {led[0]} LOC=B2 VCCIO=3.3 IOSTANDARD=LVCMOS33 DRIVE=8 SLEW=FAST NONE=TRUE successfully
Executing : def_port {led[1]} LOC=A2 VCCIO=3.3 IOSTANDARD=LVCMOS33 DRIVE=8 SLEW=FAST NONE=TRUE
Executing : def_port {led[1]} LOC=A2 VCCIO=3.3 IOSTANDARD=LVCMOS33 DRIVE=8 SLEW=FAST NONE=TRUE successfully
Executing : def_port {led[2]} LOC=B3 VCCIO=3.3 IOSTANDARD=LVCMOS33 DRIVE=8 SLEW=FAST NONE=TRUE
Executing : def_port {led[2]} LOC=B3 VCCIO=3.3 IOSTANDARD=LVCMOS33 DRIVE=8 SLEW=FAST NONE=TRUE successfully
Executing : def_port {led[3]} LOC=A3 VCCIO=3.3 IOSTANDARD=LVCMOS33 DRIVE=8 SLEW=FAST NONE=TRUE
Executing : def_port {led[3]} LOC=A3 VCCIO=3.3 IOSTANDARD=LVCMOS33 DRIVE=8 SLEW=FAST NONE=TRUE successfully
Executing : def_port {led[4]} LOC=C5 VCCIO=3.3 IOSTANDARD=LVCMOS33 DRIVE=8 SLEW=FAST NONE=TRUE
Executing : def_port {led[4]} LOC=C5 VCCIO=3.3 IOSTANDARD=LVCMOS33 DRIVE=8 SLEW=FAST NONE=TRUE successfully
Executing : def_port {led[5]} LOC=A5 VCCIO=3.3 IOSTANDARD=LVCMOS33 DRIVE=8 SLEW=FAST NONE=TRUE
Executing : def_port {led[5]} LOC=A5 VCCIO=3.3 IOSTANDARD=LVCMOS33 DRIVE=8 SLEW=FAST NONE=TRUE successfully
Executing : def_port {rdlh_link_up} LOC=F7 VCCIO=3.3 IOSTANDARD=LVCMOS33 DRIVE=8 SLEW=SLOW NONE=TRUE
Executing : def_port {rdlh_link_up} LOC=F7 VCCIO=3.3 IOSTANDARD=LVCMOS33 DRIVE=8 SLEW=SLOW NONE=TRUE successfully
Executing : def_port {smlh_link_up} LOC=F8 VCCIO=3.3 IOSTANDARD=LVCMOS33 DRIVE=8 SLEW=SLOW NONE=TRUE
Executing : def_port {smlh_link_up} LOC=F8 VCCIO=3.3 IOSTANDARD=LVCMOS33 DRIVE=8 SLEW=SLOW NONE=TRUE successfully
Executing : def_port {adc2_es0_alrck} LOC=T11 VCCIO=3.3 IOSTANDARD=LVCMOS33 NONE=TRUE
C: ConstraintEditor-2001: [D:/PDS_FPGA/Audio_test/device_map/voice_loop_test.pcf(line number: 58)] Object 'adc2_es0_alrck' is dangling, which has no connection. it will be ignored.
Executing : def_port {adc2_es0_alrck} LOC=T11 VCCIO=3.3 IOSTANDARD=LVCMOS33 NONE=TRUE failed
Executing : def_port {adc2_es0_dsclk} LOC=R11 VCCIO=3.3 IOSTANDARD=LVCMOS33 NONE=TRUE
C: ConstraintEditor-2001: [D:/PDS_FPGA/Audio_test/device_map/voice_loop_test.pcf(line number: 59)] Object 'adc2_es0_dsclk' is dangling, which has no connection. it will be ignored.
Executing : def_port {adc2_es0_dsclk} LOC=R11 VCCIO=3.3 IOSTANDARD=LVCMOS33 NONE=TRUE failed
Executing : def_port {adc2_es0_sdin} LOC=Y12 VCCIO=3.3 IOSTANDARD=LVCMOS33 NONE=TRUE
C: ConstraintEditor-2001: [D:/PDS_FPGA/Audio_test/device_map/voice_loop_test.pcf(line number: 60)] Object 'adc2_es0_sdin' is dangling, which has no connection. it will be ignored.
Executing : def_port {adc2_es0_sdin} LOC=Y12 VCCIO=3.3 IOSTANDARD=LVCMOS33 NONE=TRUE failed
Executing : def_port {dac2_es1_dlrc} LOC=T8 VCCIO=3.3 IOSTANDARD=LVCMOS33 NONE=TRUE
Executing : def_port {dac2_es1_dlrc} LOC=T8 VCCIO=3.3 IOSTANDARD=LVCMOS33 NONE=TRUE successfully
Executing : def_port {dac2_es1_dsclk} LOC=U9 VCCIO=3.3 IOSTANDARD=LVCMOS33 NONE=TRUE
Executing : def_port {dac2_es1_dsclk} LOC=U9 VCCIO=3.3 IOSTANDARD=LVCMOS33 NONE=TRUE successfully
Executing : def_port {dac2_es1_sdin} LOC=U10 VCCIO=3.3 IOSTANDARD=LVCMOS33 NONE=TRUE
C: ConstraintEditor-2001: [D:/PDS_FPGA/Audio_test/device_map/voice_loop_test.pcf(line number: 63)] Object 'dac2_es1_sdin' is dangling, which has no connection. it will be ignored.
Executing : def_port {dac2_es1_sdin} LOC=U10 VCCIO=3.3 IOSTANDARD=LVCMOS33 NONE=TRUE failed
Executing : def_port {es0_alrck} LOC=AB11 VCCIO=3.3 IOSTANDARD=LVCMOS33 NONE=TRUE
Executing : def_port {es0_alrck} LOC=AB11 VCCIO=3.3 IOSTANDARD=LVCMOS33 NONE=TRUE successfully
Executing : def_port {es0_dsclk} LOC=Y11 VCCIO=3.3 IOSTANDARD=LVCMOS33 NONE=TRUE
Executing : def_port {es0_dsclk} LOC=Y11 VCCIO=3.3 IOSTANDARD=LVCMOS33 NONE=TRUE successfully
Executing : def_port {es0_sdin} LOC=W11 VCCIO=3.3 IOSTANDARD=LVCMOS33 NONE=TRUE
Executing : def_port {es0_sdin} LOC=W11 VCCIO=3.3 IOSTANDARD=LVCMOS33 NONE=TRUE successfully
Executing : def_port {es1_dlrc} LOC=Y5 VCCIO=3.3 IOSTANDARD=LVCMOS33 NONE=TRUE
C: ConstraintEditor-2002: [D:/PDS_FPGA/Audio_test/device_map/voice_loop_test.pcf(line number: 67)] | Port es1_dlrc has been placed at location Y5, whose type is share pin.
Executing : def_port {es1_dlrc} LOC=Y5 VCCIO=3.3 IOSTANDARD=LVCMOS33 NONE=TRUE successfully
Executing : def_port {es1_dsclk} LOC=W6 VCCIO=3.3 IOSTANDARD=LVCMOS33 NONE=TRUE
Executing : def_port {es1_dsclk} LOC=W6 VCCIO=3.3 IOSTANDARD=LVCMOS33 NONE=TRUE successfully
Executing : def_port {es1_sdin} LOC=W8 VCCIO=3.3 IOSTANDARD=LVCMOS33 NONE=TRUE
C: ConstraintEditor-2001: [D:/PDS_FPGA/Audio_test/device_map/voice_loop_test.pcf(line number: 69)] Object 'es1_sdin' is dangling, which has no connection. it will be ignored.
Executing : def_port {es1_sdin} LOC=W8 VCCIO=3.3 IOSTANDARD=LVCMOS33 NONE=TRUE failed
Executing : def_port {hdmi_rx_data[0]} LOC=U14 VCCIO=3.3 IOSTANDARD=LVCMOS33 NONE=TRUE
C: ConstraintEditor-2001: [D:/PDS_FPGA/Audio_test/device_map/voice_loop_test.pcf(line number: 70)] Object 'hdmi_rx_data[0]' is dangling, which has no connection. it will be ignored.
Executing : def_port {hdmi_rx_data[0]} LOC=U14 VCCIO=3.3 IOSTANDARD=LVCMOS33 NONE=TRUE failed
Executing : def_port {hdmi_rx_data[1]} LOC=U15 VCCIO=3.3 IOSTANDARD=LVCMOS33 NONE=TRUE
C: ConstraintEditor-2001: [D:/PDS_FPGA/Audio_test/device_map/voice_loop_test.pcf(line number: 71)] Object 'hdmi_rx_data[1]' is dangling, which has no connection. it will be ignored.
Executing : def_port {hdmi_rx_data[1]} LOC=U15 VCCIO=3.3 IOSTANDARD=LVCMOS33 NONE=TRUE failed
Executing : def_port {hdmi_rx_data[2]} LOC=T15 VCCIO=3.3 IOSTANDARD=LVCMOS33 NONE=TRUE
C: ConstraintEditor-2001: [D:/PDS_FPGA/Audio_test/device_map/voice_loop_test.pcf(line number: 72)] Object 'hdmi_rx_data[2]' is dangling, which has no connection. it will be ignored.
Executing : def_port {hdmi_rx_data[2]} LOC=T15 VCCIO=3.3 IOSTANDARD=LVCMOS33 NONE=TRUE failed
Executing : def_port {hdmi_rx_data[3]} LOC=W15 VCCIO=3.3 IOSTANDARD=LVCMOS33 NONE=TRUE
C: ConstraintEditor-2001: [D:/PDS_FPGA/Audio_test/device_map/voice_loop_test.pcf(line number: 73)] Object 'hdmi_rx_data[3]' is dangling, which has no connection. it will be ignored.
Executing : def_port {hdmi_rx_data[3]} LOC=W15 VCCIO=3.3 IOSTANDARD=LVCMOS33 NONE=TRUE failed
Executing : def_port {hdmi_rx_data[4]} LOC=Y16 VCCIO=3.3 IOSTANDARD=LVCMOS33 NONE=TRUE
C: ConstraintEditor-2001: [D:/PDS_FPGA/Audio_test/device_map/voice_loop_test.pcf(line number: 74)] Object 'hdmi_rx_data[4]' is dangling, which has no connection. it will be ignored.
Executing : def_port {hdmi_rx_data[4]} LOC=Y16 VCCIO=3.3 IOSTANDARD=LVCMOS33 NONE=TRUE failed
Executing : def_port {hdmi_rx_data[5]} LOC=AB16 VCCIO=3.3 IOSTANDARD=LVCMOS33 NONE=TRUE
C: ConstraintEditor-2001: [D:/PDS_FPGA/Audio_test/device_map/voice_loop_test.pcf(line number: 75)] Object 'hdmi_rx_data[5]' is dangling, which has no connection. it will be ignored.
Executing : def_port {hdmi_rx_data[5]} LOC=AB16 VCCIO=3.3 IOSTANDARD=LVCMOS33 NONE=TRUE failed
Executing : def_port {hdmi_rx_data[6]} LOC=AA16 VCCIO=3.3 IOSTANDARD=LVCMOS33 NONE=TRUE
C: ConstraintEditor-2001: [D:/PDS_FPGA/Audio_test/device_map/voice_loop_test.pcf(line number: 76)] Object 'hdmi_rx_data[6]' is dangling, which has no connection. it will be ignored.
Executing : def_port {hdmi_rx_data[6]} LOC=AA16 VCCIO=3.3 IOSTANDARD=LVCMOS33 NONE=TRUE failed
Executing : def_port {hdmi_rx_data[7]} LOC=AB17 VCCIO=3.3 IOSTANDARD=LVCMOS33 NONE=TRUE
C: ConstraintEditor-2001: [D:/PDS_FPGA/Audio_test/device_map/voice_loop_test.pcf(line number: 77)] Object 'hdmi_rx_data[7]' is dangling, which has no connection. it will be ignored.
Executing : def_port {hdmi_rx_data[7]} LOC=AB17 VCCIO=3.3 IOSTANDARD=LVCMOS33 NONE=TRUE failed
Executing : def_port {hdmi_rx_data[8]} LOC=Y17 VCCIO=3.3 IOSTANDARD=LVCMOS33 NONE=TRUE
C: ConstraintEditor-2001: [D:/PDS_FPGA/Audio_test/device_map/voice_loop_test.pcf(line number: 78)] Object 'hdmi_rx_data[8]' is dangling, which has no connection. it will be ignored.
Executing : def_port {hdmi_rx_data[8]} LOC=Y17 VCCIO=3.3 IOSTANDARD=LVCMOS33 NONE=TRUE failed
Executing : def_port {hdmi_rx_data[9]} LOC=V17 VCCIO=3.3 IOSTANDARD=LVCMOS33 NONE=TRUE
C: ConstraintEditor-2001: [D:/PDS_FPGA/Audio_test/device_map/voice_loop_test.pcf(line number: 79)] Object 'hdmi_rx_data[9]' is dangling, which has no connection. it will be ignored.
Executing : def_port {hdmi_rx_data[9]} LOC=V17 VCCIO=3.3 IOSTANDARD=LVCMOS33 NONE=TRUE failed
Executing : def_port {hdmi_rx_data[10]} LOC=W18 VCCIO=3.3 IOSTANDARD=LVCMOS33 NONE=TRUE
C: ConstraintEditor-2001: [D:/PDS_FPGA/Audio_test/device_map/voice_loop_test.pcf(line number: 80)] Object 'hdmi_rx_data[10]' is dangling, which has no connection. it will be ignored.
Executing : def_port {hdmi_rx_data[10]} LOC=W18 VCCIO=3.3 IOSTANDARD=LVCMOS33 NONE=TRUE failed
Executing : def_port {hdmi_rx_data[11]} LOC=AB19 VCCIO=3.3 IOSTANDARD=LVCMOS33 NONE=TRUE
C: ConstraintEditor-2001: [D:/PDS_FPGA/Audio_test/device_map/voice_loop_test.pcf(line number: 81)] Object 'hdmi_rx_data[11]' is dangling, which has no connection. it will be ignored.
Executing : def_port {hdmi_rx_data[11]} LOC=AB19 VCCIO=3.3 IOSTANDARD=LVCMOS33 NONE=TRUE failed
Executing : def_port {hdmi_rx_data[12]} LOC=AA18 VCCIO=3.3 IOSTANDARD=LVCMOS33 NONE=TRUE
C: ConstraintEditor-2001: [D:/PDS_FPGA/Audio_test/device_map/voice_loop_test.pcf(line number: 82)] Object 'hdmi_rx_data[12]' is dangling, which has no connection. it will be ignored.
Executing : def_port {hdmi_rx_data[12]} LOC=AA18 VCCIO=3.3 IOSTANDARD=LVCMOS33 NONE=TRUE failed
Executing : def_port {hdmi_rx_data[13]} LOC=AB18 VCCIO=3.3 IOSTANDARD=LVCMOS33 NONE=TRUE
C: ConstraintEditor-2001: [D:/PDS_FPGA/Audio_test/device_map/voice_loop_test.pcf(line number: 83)] Object 'hdmi_rx_data[13]' is dangling, which has no connection. it will be ignored.
Executing : def_port {hdmi_rx_data[13]} LOC=AB18 VCCIO=3.3 IOSTANDARD=LVCMOS33 NONE=TRUE failed
Executing : def_port {hdmi_rx_data[14]} LOC=Y18 VCCIO=3.3 IOSTANDARD=LVCMOS33 NONE=TRUE
C: ConstraintEditor-2001: [D:/PDS_FPGA/Audio_test/device_map/voice_loop_test.pcf(line number: 84)] Object 'hdmi_rx_data[14]' is dangling, which has no connection. it will be ignored.
Executing : def_port {hdmi_rx_data[14]} LOC=Y18 VCCIO=3.3 IOSTANDARD=LVCMOS33 NONE=TRUE failed
Executing : def_port {hdmi_rx_data[15]} LOC=W17 VCCIO=3.3 IOSTANDARD=LVCMOS33 NONE=TRUE
C: ConstraintEditor-2001: [D:/PDS_FPGA/Audio_test/device_map/voice_loop_test.pcf(line number: 85)] Object 'hdmi_rx_data[15]' is dangling, which has no connection. it will be ignored.
Executing : def_port {hdmi_rx_data[15]} LOC=W17 VCCIO=3.3 IOSTANDARD=LVCMOS33 NONE=TRUE failed
Executing : def_port {hdmi_rx_data[16]} LOC=Y15 VCCIO=3.3 IOSTANDARD=LVCMOS33 NONE=TRUE
C: ConstraintEditor-2001: [D:/PDS_FPGA/Audio_test/device_map/voice_loop_test.pcf(line number: 86)] Object 'hdmi_rx_data[16]' is dangling, which has no connection. it will be ignored.
Executing : def_port {hdmi_rx_data[16]} LOC=Y15 VCCIO=3.3 IOSTANDARD=LVCMOS33 NONE=TRUE failed
Executing : def_port {hdmi_rx_data[17]} LOC=AB15 VCCIO=3.3 IOSTANDARD=LVCMOS33 NONE=TRUE
C: ConstraintEditor-2001: [D:/PDS_FPGA/Audio_test/device_map/voice_loop_test.pcf(line number: 87)] Object 'hdmi_rx_data[17]' is dangling, which has no connection. it will be ignored.
Executing : def_port {hdmi_rx_data[17]} LOC=AB15 VCCIO=3.3 IOSTANDARD=LVCMOS33 NONE=TRUE failed
Executing : def_port {hdmi_rx_data[18]} LOC=U16 VCCIO=3.3 IOSTANDARD=LVCMOS33 NONE=TRUE
C: ConstraintEditor-2001: [D:/PDS_FPGA/Audio_test/device_map/voice_loop_test.pcf(line number: 88)] Object 'hdmi_rx_data[18]' is dangling, which has no connection. it will be ignored.
Executing : def_port {hdmi_rx_data[18]} LOC=U16 VCCIO=3.3 IOSTANDARD=LVCMOS33 NONE=TRUE failed
Executing : def_port {hdmi_rx_data[19]} LOC=V15 VCCIO=3.3 IOSTANDARD=LVCMOS33 NONE=TRUE
C: ConstraintEditor-2001: [D:/PDS_FPGA/Audio_test/device_map/voice_loop_test.pcf(line number: 89)] Object 'hdmi_rx_data[19]' is dangling, which has no connection. it will be ignored.
Executing : def_port {hdmi_rx_data[19]} LOC=V15 VCCIO=3.3 IOSTANDARD=LVCMOS33 NONE=TRUE failed
Executing : def_port {hdmi_rx_data[20]} LOC=AA14 VCCIO=3.3 IOSTANDARD=LVCMOS33 NONE=TRUE
C: ConstraintEditor-2001: [D:/PDS_FPGA/Audio_test/device_map/voice_loop_test.pcf(line number: 90)] Object 'hdmi_rx_data[20]' is dangling, which has no connection. it will be ignored.
Executing : def_port {hdmi_rx_data[20]} LOC=AA14 VCCIO=3.3 IOSTANDARD=LVCMOS33 NONE=TRUE failed
Executing : def_port {hdmi_rx_data[21]} LOC=AB14 VCCIO=3.3 IOSTANDARD=LVCMOS33 NONE=TRUE
C: ConstraintEditor-2001: [D:/PDS_FPGA/Audio_test/device_map/voice_loop_test.pcf(line number: 91)] Object 'hdmi_rx_data[21]' is dangling, which has no connection. it will be ignored.
Executing : def_port {hdmi_rx_data[21]} LOC=AB14 VCCIO=3.3 IOSTANDARD=LVCMOS33 NONE=TRUE failed
Executing : def_port {hdmi_rx_data[22]} LOC=W14 VCCIO=3.3 IOSTANDARD=LVCMOS33 NONE=TRUE
C: ConstraintEditor-2001: [D:/PDS_FPGA/Audio_test/device_map/voice_loop_test.pcf(line number: 92)] Object 'hdmi_rx_data[22]' is dangling, which has no connection. it will be ignored.
Executing : def_port {hdmi_rx_data[22]} LOC=W14 VCCIO=3.3 IOSTANDARD=LVCMOS33 NONE=TRUE failed
Executing : def_port {hdmi_rx_data[23]} LOC=Y14 VCCIO=3.3 IOSTANDARD=LVCMOS33 NONE=TRUE
C: ConstraintEditor-2001: [D:/PDS_FPGA/Audio_test/device_map/voice_loop_test.pcf(line number: 93)] Object 'hdmi_rx_data[23]' is dangling, which has no connection. it will be ignored.
Executing : def_port {hdmi_rx_data[23]} LOC=Y14 VCCIO=3.3 IOSTANDARD=LVCMOS33 NONE=TRUE failed
Executing : def_port {hdmi_rx_de} LOC=U13 VCCIO=3.3 IOSTANDARD=LVCMOS33 NONE=TRUE
C: ConstraintEditor-2001: [D:/PDS_FPGA/Audio_test/device_map/voice_loop_test.pcf(line number: 94)] Object 'hdmi_rx_de' is dangling, which has no connection. it will be ignored.
Executing : def_port {hdmi_rx_de} LOC=U13 VCCIO=3.3 IOSTANDARD=LVCMOS33 NONE=TRUE failed
Executing : def_port {hdmi_rx_hs} LOC=V13 VCCIO=3.3 IOSTANDARD=LVCMOS33 NONE=TRUE
C: ConstraintEditor-2001: [D:/PDS_FPGA/Audio_test/device_map/voice_loop_test.pcf(line number: 95)] Object 'hdmi_rx_hs' is dangling, which has no connection. it will be ignored.
Executing : def_port {hdmi_rx_hs} LOC=V13 VCCIO=3.3 IOSTANDARD=LVCMOS33 NONE=TRUE failed
Executing : def_port {hdmi_rx_pix_clk} LOC=AA12 VCCIO=3.3 IOSTANDARD=LVCMOS33 NONE=TRUE
C: ConstraintEditor-2001: [D:/PDS_FPGA/Audio_test/device_map/voice_loop_test.pcf(line number: 96)] Object 'hdmi_rx_pix_clk' is dangling, which has no connection. it will be ignored.
Executing : def_port {hdmi_rx_pix_clk} LOC=AA12 VCCIO=3.3 IOSTANDARD=LVCMOS33 NONE=TRUE failed
Executing : def_port {hdmi_rx_vs} LOC=W13 VCCIO=3.3 IOSTANDARD=LVCMOS33 NONE=TRUE
C: ConstraintEditor-2001: [D:/PDS_FPGA/Audio_test/device_map/voice_loop_test.pcf(line number: 97)] Object 'hdmi_rx_vs' is dangling, which has no connection. it will be ignored.
Executing : def_port {hdmi_rx_vs} LOC=W13 VCCIO=3.3 IOSTANDARD=LVCMOS33 NONE=TRUE failed
Executing : def_port {key_on[0]} LOC=K18 VCCIO=3.3 IOSTANDARD=LVCMOS33 NONE=TRUE
C: ConstraintEditor-2002: [D:/PDS_FPGA/Audio_test/device_map/voice_loop_test.pcf(line number: 98)] | Port key_on[0] has been placed at location K18, whose type is share pin.
Executing : def_port {key_on[0]} LOC=K18 VCCIO=3.3 IOSTANDARD=LVCMOS33 NONE=TRUE successfully
Executing : def_port {key_on[1]} LOC=L15 VCCIO=3.3 IOSTANDARD=LVCMOS33 NONE=TRUE
Executing : def_port {key_on[1]} LOC=L15 VCCIO=3.3 IOSTANDARD=LVCMOS33 NONE=TRUE successfully
Executing : def_port {key_on[2]} LOC=J17 VCCIO=3.3 IOSTANDARD=LVCMOS33 NONE=TRUE
Executing : def_port {key_on[2]} LOC=J17 VCCIO=3.3 IOSTANDARD=LVCMOS33 NONE=TRUE successfully
Executing : def_port {key_on[3]} LOC=K16 VCCIO=3.3 IOSTANDARD=LVCMOS33 NONE=TRUE
Executing : def_port {key_on[3]} LOC=K16 VCCIO=3.3 IOSTANDARD=LVCMOS33 NONE=TRUE successfully
Executing : def_port {key_on[4]} LOC=J16 VCCIO=3.3 IOSTANDARD=LVCMOS33 NONE=TRUE
Executing : def_port {key_on[4]} LOC=J16 VCCIO=3.3 IOSTANDARD=LVCMOS33 NONE=TRUE successfully
Executing : def_port {key_on[5]} LOC=J19 VCCIO=3.3 IOSTANDARD=LVCMOS33 NONE=TRUE
C: ConstraintEditor-2002: [D:/PDS_FPGA/Audio_test/device_map/voice_loop_test.pcf(line number: 103)] | Port key_on[5] has been placed at location J19, whose type is share pin.
Executing : def_port {key_on[5]} LOC=J19 VCCIO=3.3 IOSTANDARD=LVCMOS33 NONE=TRUE successfully
Executing : def_port {key_on[6]} LOC=H20 VCCIO=3.3 IOSTANDARD=LVCMOS33 NONE=TRUE
C: ConstraintEditor-2002: [D:/PDS_FPGA/Audio_test/device_map/voice_loop_test.pcf(line number: 104)] | Port key_on[6] has been placed at location H20, whose type is share pin.
Executing : def_port {key_on[6]} LOC=H20 VCCIO=3.3 IOSTANDARD=LVCMOS33 NONE=TRUE successfully
Executing : def_port {key_rstn} LOC=H17 VCCIO=3.3 IOSTANDARD=LVCMOS33 NONE=TRUE
Executing : def_port {key_rstn} LOC=H17 VCCIO=3.3 IOSTANDARD=LVCMOS33 NONE=TRUE successfully
Executing : def_port {lin_test} LOC=Y13 VCCIO=3.3 IOSTANDARD=LVCMOS33 NONE=TRUE
C: ConstraintEditor-2001: [D:/PDS_FPGA/Audio_test/device_map/voice_loop_test.pcf(line number: 106)] Object 'lin_test' is dangling, which has no connection. it will be ignored.
Executing : def_port {lin_test} LOC=Y13 VCCIO=3.3 IOSTANDARD=LVCMOS33 NONE=TRUE failed
Executing : def_port {lout_test} LOC=V7 VCCIO=3.3 IOSTANDARD=LVCMOS33 NONE=TRUE
C: ConstraintEditor-2001: [D:/PDS_FPGA/Audio_test/device_map/voice_loop_test.pcf(line number: 107)] Object 'lout_test' is dangling, which has no connection. it will be ignored.
Executing : def_port {lout_test} LOC=V7 VCCIO=3.3 IOSTANDARD=LVCMOS33 NONE=TRUE failed
Executing : def_port {pcie_perst_n} LOC=A19 VCCIO=3.3 IOSTANDARD=LVCMOS15 NONE=TRUE
C: ConstraintEditor-2002: [D:/PDS_FPGA/Audio_test/device_map/voice_loop_test.pcf(line number: 108)] | Port pcie_perst_n has been placed at location A19, whose type is share pin.
Executing : def_port {pcie_perst_n} LOC=A19 VCCIO=3.3 IOSTANDARD=LVCMOS15 NONE=TRUE successfully
Executing : def_port {sys_clk} LOC=P20 VCCIO=3.3 IOSTANDARD=LVCMOS33 NONE=TRUE
Executing : def_port {sys_clk} LOC=P20 VCCIO=3.3 IOSTANDARD=LVCMOS33 NONE=TRUE successfully
W: ConstraintEditor-4019: Port 'led[6]' unspecified I/O constraint.
W: ConstraintEditor-4019: Port 'led[7]' unspecified I/O constraint.
W: ConstraintEditor-4019: Port 'pclk_div2_led' unspecified I/O constraint.
W: ConstraintEditor-4019: Port 'pclk_led' unspecified I/O constraint.
W: ConstraintEditor-4019: Port 'ref_led' unspecified I/O constraint.
Constraint check end.
I: Column Clock Check open.
Read Column Clock Map.

Placement started.
Phase 1 Pre global placement started.
I: Infer CARRY group, base inst: ES7243E_reg_config/reg_data/iGopDrm, insts:2.
I: Infer CARRY group, base inst: U_MFCC_VQ/LBG_16X13_1/U_ipml_sdpram_LBG_16X13/ADDR_LOOP[0].DATA_LOOP[0].U_GTP_DRM9K/iGopDrm_inv, insts:2.
I: Infer CARRY group, base inst: U_MFCC_VQ/LBG_16X13_3/U_ipml_sdpram_LBG_16X13_3/ADDR_LOOP[0].DATA_LOOP[0].U_GTP_DRM9K/iGopDrm_inv, insts:2.
I: Infer CARRY group, base inst: U_MFCC_VQ/VQ_identifys1/VQ/LBG_frame_13/vblg14x12_1/U_ipml_sdpram_vblg14x12/ADDR_LOOP[0].DATA_LOOP[0].U_GTP_DRM9K/iGopDrm, insts:2.
I: Infer CARRY group, base inst: U_MFCC_VQ/VQ_identifys1/VQ/LBG_frame_13/vblg14x12_3/U_ipml_sdpram_vblg14x12/ADDR_LOOP[0].DATA_LOOP[0].U_GTP_DRM9K/iGopDrm, insts:2.
I: Infer CARRY group, base inst: U_MFCC_VQ/VQ_identifys1/VQ/LBG_frame_13/vblg14x12_5/U_ipml_sdpram_vblg14x12/ADDR_LOOP[0].DATA_LOOP[0].U_GTP_DRM9K/iGopDrm, insts:2.
I: Infer CARRY group, base inst: U_MFCC_VQ/VQ_identifys1/VQ/LBG_frame_13/vblg14x12_7/U_ipml_sdpram_vblg14x12/ADDR_LOOP[0].DATA_LOOP[0].U_GTP_DRM9K/iGopDrm, insts:2.
I: Infer CARRY group, base inst: U_MFCC_VQ/VQ_identifys1/VQ/LBG_frame_13/vblg14x12_9/U_ipml_sdpram_vblg14x12/ADDR_LOOP[0].DATA_LOOP[0].U_GTP_DRM9K/iGopDrm, insts:2.
I: Infer CARRY group, base inst: U_MFCC_VQ/VQ_identifys1/VQ/LBG_frame_13/vblg14x12_11/U_ipml_sdpram_vblg14x12/ADDR_LOOP[0].DATA_LOOP[0].U_GTP_DRM9K/iGopDrm, insts:2.
I: Infer CARRY group, base inst: U_MFCC_VQ/VQ_identifys1/VQ/LBG_frame_13/vblg14x12_13/U_ipml_sdpram_vblg14x12/ADDR_LOOP[0].DATA_LOOP[0].U_GTP_DRM9K/iGopDrm, insts:2.
I: Infer CARRY group, base inst: U_MFCC_VQ/VQ_identifys1/VQ/LBG_frame_13/vblg14x12_15/U_ipml_sdpram_vblg14x12/ADDR_LOOP[0].DATA_LOOP[0].U_GTP_DRM9K/iGopDrm, insts:2.
I: Infer CARRY group, base inst: U_MFCC_VQ/VQ_identifys1/VQ/MFCC_frame_13/MFCCS13_RAM14X12/U_ipml_sdpram_MFCCS13_RAM14X12/ADDR_LOOP[0].DATA_LOOP[0].U_GTP_DRM9K/iGopDrm, insts:2.
I: Infer CARRY group, base inst: U_MFCC_VQ/fft_ip/u_ipsxb_fft_demo_r2_1024/use_radix2_burst.u_radix2_burst_core/r2_dit_bf/u_r2_dit_mult_by_twiddle/u_twiddle_gen/u_sin_rom/use_drm.u_sin_drm_rom/sin_rom_used_3/iGopDrm, insts:2.
I: Infer CARRY group, base inst: U_MFCC_VQ/fft_ip/u_ipsxb_fft_demo_r2_1024/use_radix2_burst.u_radix2_burst_core/u_sdpram0/use_drm.u_drm_sdpram/u_drm_sdpram_9k/u_drm_sdpram_9k/ADDR_LOOP[0].DATA_LOOP[1].U_GTP_DRM9K/iGopDrm, insts:2.
I: Infer CARRY group, base inst: U_MFCC_VQ/fft_ip/u_ipsxb_fft_demo_r2_1024/use_radix2_burst.u_radix2_burst_core/u_sdpram1/use_drm.u_drm_sdpram/u_drm_sdpram_9k/u_drm_sdpram_9k/ADDR_LOOP[0].DATA_LOOP[0].U_GTP_DRM9K/iGopDrm, insts:2.
I: Infer CARRY group, base inst: U_MFCC_VQ/fft_ip/u_ipsxb_fft_demo_r2_1024/use_radix2_burst.u_radix2_burst_core/u_sdpram1/use_drm.u_drm_sdpram/u_drm_sdpram_9k/u_drm_sdpram_9k/ADDR_LOOP[0].DATA_LOOP[2].U_GTP_DRM9K/iGopDrm, insts:2.
I: Infer CARRY group, base inst: U_MFCC_VQ/u_Framing_hpss_512/u_Framing_512/U_ipml_fifo_Framing_512/U_ipml_sdpram/ADDR_LOOP[0].DATA_LOOP[0].U_GTP_DRM9K/iGopDrm, insts:2.
I: Infer CARRY group, base inst: U_MFCC_VQ/u_VQ_LBG_XUNLIAN/VQ_LBG_16X13_1/U_ipml_sdpram_VQ_LBG_16X13/ADDR_LOOP[0].DATA_LOOP[0].U_GTP_DRM9K/iGopDrm, insts:2.
I: Infer CARRY group, base inst: U_MFCC_VQ/u_VQ_LBG_XUNLIAN/VQ_classify/VQ/LBG_frame_13/vblg14x12_2/U_ipml_sdpram_vblg14x12/ADDR_LOOP[0].DATA_LOOP[0].U_GTP_DRM9K/iGopDrm, insts:2.
I: Infer CARRY group, base inst: U_MFCC_VQ/u_VQ_LBG_XUNLIAN/VQ_classify/VQ/LBG_frame_13/vblg14x12_4/U_ipml_sdpram_vblg14x12/ADDR_LOOP[0].DATA_LOOP[0].U_GTP_DRM9K/iGopDrm, insts:2.
I: Infer CARRY group, base inst: U_MFCC_VQ/u_VQ_LBG_XUNLIAN/VQ_classify/VQ/LBG_frame_13/vblg14x12_6/U_ipml_sdpram_vblg14x12/ADDR_LOOP[0].DATA_LOOP[0].U_GTP_DRM9K/iGopDrm, insts:2.
I: Infer CARRY group, base inst: U_MFCC_VQ/u_VQ_LBG_XUNLIAN/VQ_classify/VQ/LBG_frame_13/vblg14x12_8/U_ipml_sdpram_vblg14x12/ADDR_LOOP[0].DATA_LOOP[0].U_GTP_DRM9K/iGopDrm, insts:2.
I: Infer CARRY group, base inst: U_MFCC_VQ/u_VQ_LBG_XUNLIAN/VQ_classify/VQ/LBG_frame_13/vblg14x12_10/U_ipml_sdpram_vblg14x12/ADDR_LOOP[0].DATA_LOOP[0].U_GTP_DRM9K/iGopDrm, insts:2.
I: Infer CARRY group, base inst: U_MFCC_VQ/u_VQ_LBG_XUNLIAN/VQ_classify/VQ/LBG_frame_13/vblg14x12_12/U_ipml_sdpram_vblg14x12/ADDR_LOOP[0].DATA_LOOP[0].U_GTP_DRM9K/iGopDrm, insts:2.
I: Infer CARRY group, base inst: U_MFCC_VQ/u_VQ_LBG_XUNLIAN/VQ_classify/VQ/LBG_frame_13/vblg14x12_14/U_ipml_sdpram_vblg14x12/ADDR_LOOP[0].DATA_LOOP[0].U_GTP_DRM9K/iGopDrm, insts:2.
I: Infer CARRY group, base inst: U_MFCC_VQ/u_VQ_LBG_XUNLIAN/VQ_classify/VQ/LBG_frame_13/vblg14x12_16/U_ipml_sdpram_vblg14x12/ADDR_LOOP[0].DATA_LOOP[0].U_GTP_DRM9K/iGopDrm, insts:2.
I: Infer CARRY group, base inst: U_MFCC_VQ/u_VQ_LBG_XUNLIAN/VQ_classify/VQ_classify_buffer/MFCCS13_RAM14X12/U_ipml_sdpram_MFCCS13_RAM14X12/ADDR_LOOP[0].DATA_LOOP[0].U_GTP_DRM9K/iGopDrm, insts:2.
Mapping instance u_CORES/u_GTP_SCANCHAIN_PG/scanchain to SCANCHAIN_325_0.
Mapping instance u_pcie/u_ipsl_pcie_wrap/u_pcie_top/u_pcie_soft_phy/x2.u_pcie_hsst/U_GTP_HSST_WRAPPER/U_GTP_HSST/hsst to HSST_88_340.
Phase 1.1 1st GP placement started.
Design Utilization : 60%.
First map gop timing takes 1.67 sec
Worst slack after clock region global placement is -5901
Wirelength after clock region global placement is 246599.
1st GP placement takes 19.47 sec.

Phase 1.2 Clock placement started.
Mapping instance clkbufg_3/gopclkbufg to USCM_84_108.
Mapping instance clkbufg_5/gopclkbufg to USCM_84_109.
Mapping instance clkbufg_4/gopclkbufg to USCM_84_110.
Mapping instance u_pll_hdmi/u_pll_e3/goppll to PLL_158_303.
Mapping instance clkbufg_6/gopclkbufg to USCM_84_112.
Mapping instance u_pll/u_pll_e3/goppll to PLL_158_179.
Mapping instance clkbufg_9/gopclkbufg to USCM_84_113.
C: Place-2028: GLOBAL_CLOCK: the driver u_CORES/u_GTP_SCANCHAIN_PG/scanchain fixed at SCANCHAIN_325_0 is unreasonable. Sub-optimal placement for a clock source and a clock buffer.
Mapping instance clkbufg_7/gopclkbufg to USCM_84_114.
Mapping instance clkbufg_8/gopclkbufg to USCM_84_111.
C: Place-2028: GLOBAL_CLOCK: the driver es1_dsclk_ibuf/opit_1 fixed at IOL_39_6 is unreasonable. Sub-optimal placement for a clock source and a clock buffer.
Mapping instance clkbufg_10/gopclkbufg to USCM_84_115.
C: Place-2028: GLOBAL_CLOCK: the driver dac2_es1_dsclk_ibuf/opit_1 fixed at IOL_95_6 is unreasonable. Sub-optimal placement for a clock source and a clock buffer.
Mapping instance clkbufg_11/gopclkbufg to USCM_84_116.
Clock placement takes 1.09 sec.

Pre global placement takes 21.56 sec.

Phase 2 Global placement started.
Phase 2.1 Fixed placement started.
Placed fixed group with base inst ES7243E_reg_config.u_i2c_com.i2c_sdat_tri/opit_1 on IOL_151_5.
Placed fixed group with base inst ES7243E_reg_config2.u_i2c_com.i2c_sdat_tri/opit_1 on IOL_171_5.
Placed fixed group with base inst ES8156_reg_config.u_i2c_com.i2c_sdat_tri/opit_1 on IOL_119_5.
Placed fixed group with base inst ES8156_reg_config2.u_i2c_com.i2c_sdat_tri/opit_1 on IOL_131_5.
Placed fixed group with base inst adc2_es0_mclk_obuf/opit_1 on IOL_155_6.
Placed fixed group with base inst adc2_es7243_scl_obuf/opit_1 on IOL_171_6.
Placed fixed group with base inst dac2_es1_dlrc_ibuf/opit_1 on IOL_63_6.
Placed fixed group with base inst dac2_es1_dsclk_ibuf/opit_1 on IOL_95_6.
Placed fixed group with base inst dac2_es1_mclk_obuf/opit_1 on IOL_95_5.
Placed fixed group with base inst dac2_es1_sdout_obuf/opit_1 on IOL_63_5.
Placed fixed group with base inst dac2_es8156_scl_obuf/opit_1 on IOL_131_6.
Placed fixed group with base inst es0_alrck_ibuf/opit_1 on IOL_159_5.
Placed fixed group with base inst es0_dsclk_ibuf/opit_1 on IOL_159_6.
Placed fixed group with base inst es0_mclk_obuf/opit_1 on IOL_135_6.
Placed fixed group with base inst es0_sdin_ibuf/opit_1 on IOL_135_5.
Placed fixed group with base inst es1_dlrc_ibuf/opit_1 on IOL_35_6.
Placed fixed group with base inst es1_dsclk_ibuf/opit_1 on IOL_39_6.
Placed fixed group with base inst es1_mclk_obuf/opit_1 on IOL_39_5.
Placed fixed group with base inst es1_sdout_obuf/opit_1 on IOL_35_5.
Placed fixed group with base inst es7243_scl_obuf/opit_1 on IOL_151_6.
Placed fixed group with base inst es8156_scl_obuf/opit_1 on IOL_119_6.
Placed fixed group with base inst hdmi_rst_n/opit_1 on IOL_327_42.
Placed fixed group with base inst hdmi_rx_scl/opit_1 on IOL_327_26.
Placed fixed group with base inst hdmi_rx_sda/opit_1 on IOL_327_25.
Placed fixed group with base inst hdmi_tx_data_1[0]/opit_1 on IOL_327_150.
Placed fixed group with base inst hdmi_tx_data_1[1]/opit_1 on IOL_327_149.
Placed fixed group with base inst hdmi_tx_data_1[2]/opit_1 on IOL_327_166.
Placed fixed group with base inst hdmi_tx_data_1[3]/opit_1 on IOL_327_165.
Placed fixed group with base inst hdmi_tx_data_1[4]/opit_1 on IOL_327_170.
Placed fixed group with base inst hdmi_tx_data_1[5]/opit_1 on IOL_327_169.
Placed fixed group with base inst hdmi_tx_data_1[6]/opit_1 on IOL_327_137.
Placed fixed group with base inst hdmi_tx_data_1[7]/opit_1 on IOL_327_138.
Placed fixed group with base inst hdmi_tx_data_1[8]/opit_1 on IOL_327_202.
Placed fixed group with base inst hdmi_tx_data_1[9]/opit_1 on IOL_327_110.
Placed fixed group with base inst hdmi_tx_data_1[10]/opit_1 on IOL_327_109.
Placed fixed group with base inst hdmi_tx_data_1[11]/opit_1 on IOL_327_122.
Placed fixed group with base inst hdmi_tx_data_1[12]/opit_1 on IOL_327_121.
Placed fixed group with base inst hdmi_tx_data_1[13]/opit_1 on IOL_327_233.
Placed fixed group with base inst hdmi_tx_data_1[14]/opit_1 on IOL_327_234.
Placed fixed group with base inst hdmi_tx_data_1[15]/opit_1 on IOL_327_241.
Placed fixed group with base inst hdmi_tx_data_1[16]/opit_1 on IOL_327_242.
Placed fixed group with base inst hdmi_tx_data_1[17]/opit_1 on IOL_327_209.
Placed fixed group with base inst hdmi_tx_data_1[18]/opit_1 on IOL_327_229.
Placed fixed group with base inst hdmi_tx_data_1[19]/opit_1 on IOL_327_230.
Placed fixed group with base inst hdmi_tx_data_1[20]/opit_1 on IOL_327_213.
Placed fixed group with base inst hdmi_tx_data_1[21]/opit_1 on IOL_327_238.
Placed fixed group with base inst hdmi_tx_data_1[22]/opit_1 on IOL_327_237.
Placed fixed group with base inst hdmi_tx_data_1[23]/opit_1 on IOL_327_273.
Placed fixed group with base inst hdmi_tx_de_1/opit_1 on IOL_327_141.
Placed fixed group with base inst hdmi_tx_hs_1/opit_1 on IOL_327_142.
Placed fixed group with base inst hdmi_tx_pix_clk_obuf/opit_1 on IOL_327_201.
Placed fixed group with base inst hdmi_tx_scl/opit_1 on IOL_327_46.
Placed fixed group with base inst hdmi_tx_sda/opit_1 on IOL_327_45.
Placed fixed group with base inst hdmi_tx_vs_1/opit_1 on IOL_327_146.
Placed fixed group with base inst key_on_ibuf[0]/opit_1 on IOL_327_257.
Placed fixed group with base inst key_on_ibuf[1]/opit_1 on IOL_327_134.
Placed fixed group with base inst key_on_ibuf[2]/opit_1 on IOL_327_297.
Placed fixed group with base inst key_on_ibuf[3]/opit_1 on IOL_327_133.
Placed fixed group with base inst key_on_ibuf[4]/opit_1 on IOL_327_298.
Placed fixed group with base inst key_on_ibuf[5]/opit_1 on IOL_327_262.
Placed fixed group with base inst key_on_ibuf[6]/opit_1 on IOL_327_261.
Placed fixed group with base inst key_rstn_ibuf/opit_1 on IOL_327_365.
Placed fixed group with base inst led_obuf[0]/opit_1 on IOL_19_374.
Placed fixed group with base inst led_obuf[1]/opit_1 on IOL_19_373.
Placed fixed group with base inst led_obuf[2]/opit_1 on IOL_35_374.
Placed fixed group with base inst led_obuf[3]/opit_1 on IOL_35_373.
Placed fixed group with base inst led_obuf[4]/opit_1 on IOL_67_374.
Placed fixed group with base inst led_obuf[5]/opit_1 on IOL_67_373.
Placed fixed group with base inst pcie_perst_n_ibuf/opit_1 on IOL_315_373.
Placed fixed group with base inst rdlh_link_up_obuf/opit_1 on IOL_47_374.
Placed fixed group with base inst smlh_link_up_obuf/opit_1 on IOL_47_373.
Placed fixed group with base inst sys_clk_ibuf/opit_1 on IOL_327_210.
Placed fixed instance clkbufg_3/gopclkbufg on USCM_84_108.
Placed fixed instance clkbufg_4/gopclkbufg on USCM_84_110.
Placed fixed instance clkbufg_5/gopclkbufg on USCM_84_109.
Placed fixed instance clkbufg_6/gopclkbufg on USCM_84_112.
Placed fixed instance clkbufg_7/gopclkbufg on USCM_84_114.
Placed fixed instance clkbufg_8/gopclkbufg on USCM_84_111.
Placed fixed instance clkbufg_9/gopclkbufg on USCM_84_113.
Placed fixed instance clkbufg_10/gopclkbufg on USCM_84_115.
Placed fixed instance clkbufg_11/gopclkbufg on USCM_84_116.
Placed fixed instance u_CORES/u_GTP_SCANCHAIN_PG/scanchain on SCANCHAIN_325_0.
Placed fixed instance u_pcie/u_ipsl_pcie_wrap/u_pcie_top/u_pcie_soft_phy/x2.u_pcie_hsst/U_GTP_HSST_WRAPPER/U_GTP_HSST/hsst on HSST_88_340.
Placed fixed instance u_pll/u_pll_e3/goppll on PLL_158_179.
Placed fixed instance u_pll_hdmi/u_pll_e3/goppll on PLL_158_303.
Placed fixed instance BKCL_auto_0 on BKCL_188_376.
Placed fixed instance BKCL_auto_1 on BKCL_328_184.
Placed fixed instance BKCL_auto_2 on BKCL_192_0.
Fixed placement takes 0.75 sec.

Phase 2.2 Process placement started.
Process placement takes 0.00 sec.

Phase 2.3 IO placement started.
IO placement takes 0.08 sec.

Phase 2.4 2nd GP placement started.
Run super clustering :
	Initial slack -10022.
	12 iterations finished.
	Final slack -4736.
Super clustering done.
Design Utilization : 60%.
Worst slack after global placement is -4759
2nd GP placement takes 15.61 sec.

Wirelength after global placement is 246490.
Global placement takes 16.44 sec.

Phase 3 Post global placement started.
Phase 3.1 Macro cell placement started.
I: Process macros using "Greedy".
Wirelength after macro cell placement is 306003.
Macro cell placement takes 0.23 sec.

Phase 3.2 3rd GP placement started.
Run super clustering :
	Initial slack -10022.
	7 iterations finished.
	Final slack -6630.
Super clustering done.
Design Utilization : 60%.
Worst slack after post global placement is -5478
3rd GP placement takes 10.00 sec.

Wirelength after post global placement is 311945.
Post global placement takes 10.30 sec.

Phase 4 Legalization started.
The average distance in LP is 0.561987.
Wirelength after legalization is 349570.
Legalization takes 1.44 sec.

Phase 5 Timing-driven detailed placement started.
Phase 5.1 Replication placement started.
Worst slack before Replication Place is -4282.
Replication placement takes 4.34 sec.

Wirelength after replication placement is 349570.
Phase 5.2 DP placement started.
Legalized cost -4282.000000.
The detailed placement ends at 11th iteration.
DP placement takes 46.50 sec.

Wirelength after detailed placement is 365689.
Timing-driven detailed placement takes 50.88 sec.

Worst slack is -2294, TNS after placement is -2869419.
Placement done.
Total placement takes 107.34 sec.
Finished placement.

Routing started.
Building routing graph takes 2.14 sec.
Worst slack is -2294, TNS before global route is -2869419.
Processing design graph takes 2.23 sec.
Total memory for routing:
	139.261686 M.
Total nets for routing : 41983.
Rcf routing step 1 processed 0 nets, it takes 0.00 sec.
Rcf routing step 2 processed 0 nets, it takes 0.00 sec.
Rcf routing step 3 processed 0 nets, it takes 0.00 sec.
Unrouted nets 0 at the end of iteration 0.
Global Routing step 1 processed 150 nets, it takes 0.06 sec.
Unrouted nets 103 at the end of iteration 0.
Unrouted nets 82 at the end of iteration 1.
Unrouted nets 73 at the end of iteration 2.
Unrouted nets 70 at the end of iteration 3.
Unrouted nets 62 at the end of iteration 4.
Unrouted nets 52 at the end of iteration 5.
Unrouted nets 46 at the end of iteration 6.
Unrouted nets 38 at the end of iteration 7.
Unrouted nets 26 at the end of iteration 8.
Unrouted nets 17 at the end of iteration 9.
Unrouted nets 14 at the end of iteration 10.
Unrouted nets 11 at the end of iteration 11.
Unrouted nets 8 at the end of iteration 12.
Unrouted nets 7 at the end of iteration 13.
Unrouted nets 5 at the end of iteration 14.
Unrouted nets 5 at the end of iteration 15.
Unrouted nets 1 at the end of iteration 16.
Unrouted nets 1 at the end of iteration 17.
Unrouted nets 1 at the end of iteration 18.
Unrouted nets 1 at the end of iteration 19.
Unrouted nets 1 at the end of iteration 20.
Unrouted nets 1 at the end of iteration 21.
Unrouted nets 1 at the end of iteration 22.
Unrouted nets 2 at the end of iteration 23.
Unrouted nets 1 at the end of iteration 24.
Unrouted nets 1 at the end of iteration 25.
Unrouted nets 1 at the end of iteration 26.
Unrouted nets 1 at the end of iteration 27.
Unrouted nets 1 at the end of iteration 28.
Unrouted nets 1 at the end of iteration 29.
Unrouted nets 1 at the end of iteration 30.
Unrouted nets 1 at the end of iteration 31.
Unrouted nets 1 at the end of iteration 32.
Unrouted nets 2 at the end of iteration 33.
Unrouted nets 1 at the end of iteration 34.
Unrouted nets 1 at the end of iteration 35.
Unrouted nets 1 at the end of iteration 36.
Unrouted nets 1 at the end of iteration 37.
Unrouted nets 1 at the end of iteration 38.
Unrouted nets 1 at the end of iteration 39.
Unrouted nets 1 at the end of iteration 40.
Unrouted nets 1 at the end of iteration 41.
Unrouted nets 1 at the end of iteration 42.
Unrouted nets 1 at the end of iteration 43.
Unrouted nets 1 at the end of iteration 44.
Unrouted nets 1 at the end of iteration 45.
Unrouted nets 1 at the end of iteration 46.
Unrouted nets 1 at the end of iteration 47.
Unrouted nets 1 at the end of iteration 48.
Unrouted nets 1 at the end of iteration 49.
Unrouted nets 1 at the end of iteration 50.
Unrouted nets 1 at the end of iteration 51.
Unrouted nets 1 at the end of iteration 52.
Unrouted nets 1 at the end of iteration 53.
Unrouted nets 1 at the end of iteration 54.
Unrouted nets 1 at the end of iteration 55.
Unrouted nets 1 at the end of iteration 56.
Unrouted nets 1 at the end of iteration 57.
Unrouted nets 1 at the end of iteration 58.
Unrouted nets 1 at the end of iteration 59.
Unrouted nets 1 at the end of iteration 60.
Unrouted nets 1 at the end of iteration 61.
Unrouted nets 1 at the end of iteration 62.
Unrouted nets 1 at the end of iteration 63.
Unrouted nets 1 at the end of iteration 64.
Unrouted nets 1 at the end of iteration 65.
Unrouted nets 1 at the end of iteration 66.
Unrouted nets 1 at the end of iteration 67.
Unrouted nets 1 at the end of iteration 68.
Unrouted nets 1 at the end of iteration 69.
Unrouted nets 1 at the end of iteration 70.
Unrouted nets 1 at the end of iteration 71.
Unrouted nets 1 at the end of iteration 72.
Unrouted nets 1 at the end of iteration 73.
Unrouted nets 1 at the end of iteration 74.
Unrouted nets 1 at the end of iteration 75.
Unrouted nets 1 at the end of iteration 76.
Unrouted nets 1 at the end of iteration 77.
Unrouted nets 1 at the end of iteration 78.
Unrouted nets 1 at the end of iteration 79.
Unrouted nets 1 at the end of iteration 80.
Unrouted nets 1 at the end of iteration 81.
Unrouted nets 1 at the end of iteration 82.
Unrouted nets 1 at the end of iteration 83.
Unrouted nets 1 at the end of iteration 84.
Unrouted nets 1 at the end of iteration 85.
Unrouted nets 1 at the end of iteration 86.
Unrouted nets 1 at the end of iteration 87.
Unrouted nets 1 at the end of iteration 88.
Unrouted nets 1 at the end of iteration 89.
Unrouted nets 1 at the end of iteration 90.
Unrouted nets 1 at the end of iteration 91.
Unrouted nets 1 at the end of iteration 92.
Unrouted nets 1 at the end of iteration 93.
Unrouted nets 1 at the end of iteration 94.
Unrouted nets 1 at the end of iteration 95.
Unrouted nets 1 at the end of iteration 96.
Unrouted nets 1 at the end of iteration 97.
Unrouted nets 1 at the end of iteration 98.
Unrouted nets 1 at the end of iteration 99.
Unrouted nets 1 at the end of iteration 100.
Unrouted nets 1 at the end of iteration 101.
Unrouted nets 1 at the end of iteration 102.
Unrouted nets 1 at the end of iteration 103.
Unrouted nets 1 at the end of iteration 104.
Unrouted nets 1 at the end of iteration 105.
Unrouted nets 1 at the end of iteration 106.
Unrouted nets 1 at the end of iteration 107.
Unrouted nets 1 at the end of iteration 108.
Unrouted nets 1 at the end of iteration 109.
Unrouted nets 1 at the end of iteration 110.
Unrouted nets 1 at the end of iteration 111.
Unrouted nets 1 at the end of iteration 112.
Unrouted nets 1 at the end of iteration 113.
Unrouted nets 1 at the end of iteration 114.
Unrouted nets 1 at the end of iteration 115.
Unrouted nets 1 at the end of iteration 116.
Unrouted nets 1 at the end of iteration 117.
Unrouted nets 1 at the end of iteration 118.
Unrouted nets 1 at the end of iteration 119.
Unrouted nets 1 at the end of iteration 120.
Unrouted nets 1 at the end of iteration 121.
Unrouted nets 1 at the end of iteration 122.
Unrouted nets 1 at the end of iteration 123.
Unrouted nets 1 at the end of iteration 124.
Unrouted nets 1 at the end of iteration 125.
Unrouted nets 1 at the end of iteration 126.
Unrouted nets 1 at the end of iteration 127.
Unrouted nets 1 at the end of iteration 128.
Unrouted nets 1 at the end of iteration 129.
Unrouted nets 1 at the end of iteration 130.
Unrouted nets 1 at the end of iteration 131.
Unrouted nets 1 at the end of iteration 132.
Unrouted nets 1 at the end of iteration 133.
Unrouted nets 1 at the end of iteration 134.
Unrouted nets 1 at the end of iteration 135.
Unrouted nets 1 at the end of iteration 136.
Unrouted nets 1 at the end of iteration 137.
Unrouted nets 1 at the end of iteration 138.
Unrouted nets 1 at the end of iteration 139.
Unrouted nets 1 at the end of iteration 140.
Unrouted nets 1 at the end of iteration 141.
Unrouted nets 1 at the end of iteration 142.
Unrouted nets 1 at the end of iteration 143.
Unrouted nets 1 at the end of iteration 144.
Unrouted nets 1 at the end of iteration 145.
Unrouted nets 1 at the end of iteration 146.
Unrouted nets 1 at the end of iteration 147.
Unrouted nets 1 at the end of iteration 148.
Unrouted nets 1 at the end of iteration 149.
Unrouted nets 1 at the end of iteration 150.
Unrouted nets 2 at the end of iteration 151.
Unrouted nets 1 at the end of iteration 152.
Unrouted nets 1 at the end of iteration 153.
Unrouted nets 1 at the end of iteration 154.
Unrouted nets 1 at the end of iteration 155.
Unrouted nets 1 at the end of iteration 156.
Unrouted nets 1 at the end of iteration 157.
Unrouted nets 1 at the end of iteration 158.
Unrouted nets 1 at the end of iteration 159.
Unrouted nets 1 at the end of iteration 160.
Unrouted nets 1 at the end of iteration 161.
Unrouted nets 1 at the end of iteration 162.
Unrouted nets 1 at the end of iteration 163.
Unrouted nets 1 at the end of iteration 164.
Unrouted nets 1 at the end of iteration 165.
Unrouted nets 1 at the end of iteration 166.
Unrouted nets 1 at the end of iteration 167.
Unrouted nets 1 at the end of iteration 168.
Unrouted nets 1 at the end of iteration 169.
Unrouted nets 1 at the end of iteration 170.
Unrouted nets 1 at the end of iteration 171.
Unrouted nets 1 at the end of iteration 172.
Unrouted nets 1 at the end of iteration 173.
Unrouted nets 0 at the end of iteration 174.
Global Routing step 2 processed 781 nets, it takes 5.25 sec.
Unrouted nets 375 at the end of iteration 0.
Unrouted nets 197 at the end of iteration 1.
Unrouted nets 101 at the end of iteration 2.
Unrouted nets 65 at the end of iteration 3.
Unrouted nets 39 at the end of iteration 4.
Unrouted nets 37 at the end of iteration 5.
Unrouted nets 24 at the end of iteration 6.
Unrouted nets 21 at the end of iteration 7.
Unrouted nets 19 at the end of iteration 8.
Unrouted nets 19 at the end of iteration 9.
Unrouted nets 14 at the end of iteration 10.
Unrouted nets 9 at the end of iteration 11.
Unrouted nets 10 at the end of iteration 12.
Unrouted nets 11 at the end of iteration 13.
Unrouted nets 10 at the end of iteration 14.
Unrouted nets 7 at the end of iteration 15.
Unrouted nets 7 at the end of iteration 16.
Unrouted nets 9 at the end of iteration 17.
Unrouted nets 9 at the end of iteration 18.
Unrouted nets 12 at the end of iteration 19.
Unrouted nets 7 at the end of iteration 20.
Unrouted nets 6 at the end of iteration 21.
Unrouted nets 5 at the end of iteration 22.
Unrouted nets 3 at the end of iteration 23.
Unrouted nets 3 at the end of iteration 24.
Unrouted nets 4 at the end of iteration 25.
Unrouted nets 2 at the end of iteration 26.
Unrouted nets 2 at the end of iteration 27.
Unrouted nets 2 at the end of iteration 28.
Unrouted nets 2 at the end of iteration 29.
Unrouted nets 2 at the end of iteration 30.
Unrouted nets 2 at the end of iteration 31.
Unrouted nets 2 at the end of iteration 32.
Unrouted nets 2 at the end of iteration 33.
Unrouted nets 1 at the end of iteration 34.
Unrouted nets 1 at the end of iteration 35.
Unrouted nets 1 at the end of iteration 36.
Unrouted nets 0 at the end of iteration 37.
Global Routing step 3 processed 819 nets, it takes 10.19 sec.
Global routing takes 15.56 sec.
Total 46162 subnets.
    forward max bucket size 33599 , backward 4658.
        Unrouted nets 30794 at the end of iteration 0.
    route iteration 0, CPU time elapsed 18.953125 sec.
    forward max bucket size 13659 , backward 4256.
        Unrouted nets 24456 at the end of iteration 1.
    route iteration 1, CPU time elapsed 16.437500 sec.
    forward max bucket size 33103 , backward 3452.
        Unrouted nets 19603 at the end of iteration 2.
    route iteration 2, CPU time elapsed 15.187500 sec.
    forward max bucket size 12887 , backward 3374.
        Unrouted nets 16031 at the end of iteration 3.
    route iteration 3, CPU time elapsed 5.375000 sec.
    forward max bucket size 4073 , backward 4197.
        Unrouted nets 13263 at the end of iteration 4.
    route iteration 4, CPU time elapsed 3.843750 sec.
    forward max bucket size 3751 , backward 3614.
        Unrouted nets 11376 at the end of iteration 5.
    route iteration 5, CPU time elapsed 3.640625 sec.
    forward max bucket size 3257 , backward 3264.
        Unrouted nets 9766 at the end of iteration 6.
    route iteration 6, CPU time elapsed 2.671875 sec.
    forward max bucket size 3185 , backward 2724.
        Unrouted nets 8010 at the end of iteration 7.
    route iteration 7, CPU time elapsed 2.796875 sec.
    forward max bucket size 3322 , backward 4499.
        Unrouted nets 6522 at the end of iteration 8.
    route iteration 8, CPU time elapsed 2.281250 sec.
    forward max bucket size 3869 , backward 4553.
        Unrouted nets 5238 at the end of iteration 9.
    route iteration 9, CPU time elapsed 2.031250 sec.
    forward max bucket size 33569 , backward 4372.
        Unrouted nets 4264 at the end of iteration 10.
    route iteration 10, CPU time elapsed 2.984375 sec.
    forward max bucket size 3493 , backward 2758.
        Unrouted nets 3570 at the end of iteration 11.
    route iteration 11, CPU time elapsed 1.984375 sec.
    forward max bucket size 4937 , backward 2474.
        Unrouted nets 2829 at the end of iteration 12.
    route iteration 12, CPU time elapsed 1.875000 sec.
    forward max bucket size 5086 , backward 2469.
        Unrouted nets 2310 at the end of iteration 13.
    route iteration 13, CPU time elapsed 1.031250 sec.
    forward max bucket size 2758 , backward 2868.
        Unrouted nets 1819 at the end of iteration 14.
    route iteration 14, CPU time elapsed 0.859375 sec.
    forward max bucket size 2404 , backward 2073.
        Unrouted nets 1523 at the end of iteration 15.
    route iteration 15, CPU time elapsed 0.671875 sec.
    forward max bucket size 2377 , backward 1713.
        Unrouted nets 1247 at the end of iteration 16.
    route iteration 16, CPU time elapsed 0.781250 sec.
    forward max bucket size 2798 , backward 2356.
        Unrouted nets 1017 at the end of iteration 17.
    route iteration 17, CPU time elapsed 0.890625 sec.
    forward max bucket size 4994 , backward 2049.
        Unrouted nets 829 at the end of iteration 18.
    route iteration 18, CPU time elapsed 0.859375 sec.
    forward max bucket size 2919 , backward 2841.
        Unrouted nets 713 at the end of iteration 19.
    route iteration 19, CPU time elapsed 0.593750 sec.
    forward max bucket size 1649 , backward 1613.
        Unrouted nets 584 at the end of iteration 20.
    route iteration 20, CPU time elapsed 0.656250 sec.
    forward max bucket size 2390 , backward 2857.
        Unrouted nets 518 at the end of iteration 21.
    route iteration 21, CPU time elapsed 0.359375 sec.
    forward max bucket size 1639 , backward 1569.
        Unrouted nets 460 at the end of iteration 22.
    route iteration 22, CPU time elapsed 0.406250 sec.
    forward max bucket size 1203 , backward 231.
        Unrouted nets 370 at the end of iteration 23.
    route iteration 23, CPU time elapsed 0.171875 sec.
    forward max bucket size 2679 , backward 1396.
        Unrouted nets 304 at the end of iteration 24.
    route iteration 24, CPU time elapsed 0.281250 sec.
    forward max bucket size 2607 , backward 2851.
        Unrouted nets 259 at the end of iteration 25.
    route iteration 25, CPU time elapsed 0.296875 sec.
    forward max bucket size 2383 , backward 2829.
        Unrouted nets 208 at the end of iteration 26.
    route iteration 26, CPU time elapsed 0.250000 sec.
    forward max bucket size 2384 , backward 2830.
        Unrouted nets 198 at the end of iteration 27.
    route iteration 27, CPU time elapsed 0.265625 sec.
    forward max bucket size 2338 , backward 2809.
        Unrouted nets 150 at the end of iteration 28.
    route iteration 28, CPU time elapsed 0.218750 sec.
    forward max bucket size 192 , backward 389.
        Unrouted nets 127 at the end of iteration 29.
    route iteration 29, CPU time elapsed 0.234375 sec.
    forward max bucket size 204 , backward 274.
        Unrouted nets 119 at the end of iteration 30.
    route iteration 30, CPU time elapsed 0.171875 sec.
    forward max bucket size 1072 , backward 442.
        Unrouted nets 91 at the end of iteration 31.
    route iteration 31, CPU time elapsed 0.203125 sec.
    forward max bucket size 198 , backward 154.
        Unrouted nets 66 at the end of iteration 32.
    route iteration 32, CPU time elapsed 0.203125 sec.
    forward max bucket size 154 , backward 117.
        Unrouted nets 45 at the end of iteration 33.
    route iteration 33, CPU time elapsed 0.109375 sec.
    forward max bucket size 225 , backward 114.
        Unrouted nets 37 at the end of iteration 34.
    route iteration 34, CPU time elapsed 0.171875 sec.
    forward max bucket size 228 , backward 99.
        Unrouted nets 35 at the end of iteration 35.
    route iteration 35, CPU time elapsed 0.125000 sec.
    forward max bucket size 205 , backward 99.
        Unrouted nets 22 at the end of iteration 36.
    route iteration 36, CPU time elapsed 0.093750 sec.
    forward max bucket size 107 , backward 65.
        Unrouted nets 12 at the end of iteration 37.
    route iteration 37, CPU time elapsed 0.109375 sec.
    forward max bucket size 16 , backward 58.
        Unrouted nets 4 at the end of iteration 38.
    route iteration 38, CPU time elapsed 0.109375 sec.
    forward max bucket size 32 , backward 35.
        Unrouted nets 2 at the end of iteration 39.
    route iteration 39, CPU time elapsed 0.125000 sec.
    forward max bucket size 57 , backward 39.
        Unrouted nets 2 at the end of iteration 40.
    route iteration 40, CPU time elapsed 0.125000 sec.
    forward max bucket size 49 , backward 21.
        Unrouted nets 0 at the end of iteration 41.
    route iteration 41, CPU time elapsed 0.140625 sec.
Detailed routing takes 41 iterations
I: Design net nt_dac2_es1_dsclk is routed by general path.
C: Route-2036: The clock path from dac2_es1_dsclk_ibuf/opit_1:OUT to clkbufg_11/gopclkbufg:CLK is routed by SRB.
I: Design net nt_es1_dsclk is routed by general path.
C: Route-2036: The clock path from es1_dsclk_ibuf/opit_1:OUT to clkbufg_10/gopclkbufg:CLK is routed by SRB.
I: Design net ES7243E_reg_config/clock_i2c is routed by general path.
C: Route-2036: The clock path from ES7243E_reg_config/clock_i2c/opit_0:Q to ES7243E_reg_config/u_i2c_com/tr_end/opit_0_L5Q:CLK is routed by SRB.
I: Design net u_CORES/drck_o is routed by general path.
C: Route-2036: The clock path from u_CORES/u_GTP_SCANCHAIN_PG/scanchain:TCK_USER to clkbufg_7/gopclkbufg:CLK is routed by SRB.
I: Design net ES7243E_reg_config2/clock_i2c is routed by general path.
C: Route-2036: The clock path from ES7243E_reg_config2/clock_i2c/opit_0:Q to ES7243E_reg_config2/config_step_reg[2]/opit_0:CLK is routed by SRB.
I: Design net ES8156_reg_config/clock_i2c is routed by general path.
C: Route-2036: The clock path from ES8156_reg_config/clock_i2c/opit_0:Q to ES8156_reg_config/config_step_reg[2]/opit_0:CLK is routed by SRB.
I: Design net ES8156_reg_config2/clock_i2c is routed by general path.
C: Route-2036: The clock path from ES8156_reg_config2/clock_i2c/opit_0:Q to ES8156_reg_config2/config_step_reg[2]/opit_0:CLK is routed by SRB.
I: Design net u_CORES/capt_o is routed by general path.
C: Route-2036: The clock path from u_CORES/u_GTP_SCANCHAIN_PG/scanchain:CAPDR to u_CORES/u_debug_core_0/u_hub_data_decode/id_sample.conf_id[4]/opit_0_inv:CLK is routed by SRB.
Detailed routing takes 93.81 sec.
Start fix hold violation.
Build tmp routing results takes 0.47 sec.
Timing analysis takes 0.42 sec.
Hold violation fix iter 0 takes 4.44 sec, total_step_forward 498542.
Incremental timing analysis takes 0.45 sec.
Hold violation fix iter 1 takes 0.25 sec, total_step_forward 766.
Incremental timing analysis takes 0.50 sec.
Hold violation fix iter 2 takes 0.97 sec, total_step_forward 138829.
Incremental timing analysis takes 0.44 sec.
Hold violation fix iter 3 takes 0.11 sec, total_step_forward 52.
Incremental timing analysis takes 0.50 sec.
Hold violation fix iter 4 takes 0.00 sec, total_step_forward 0.
Incremental timing analysis takes 0.47 sec.
Hold violation fix iter 5 takes 0.00 sec, total_step_forward 0.
Hold Violation Fix in router takes 6 iterations.
Fix hold violation Finished.
Hold Violation Fix in router takes 11.19 sec.

Dispose routing result:
    Collect routing result.
    Delete unused device instances.
    Annotate routing result.
    Change LUT configuration.
    Dispose misc instances.
    Annotate routing result again.
Finish routing takes 1.94 sec.
No timing paths have hold violation.
Hold fix iterated 1 times
Hold violation fix takes 2.66 sec.
Used SRB routing arc is 353098.
Cleanup routing takes 0.03 sec.
Routing done.
Total routing takes 130.80 sec.
W: Timing-4105: The worst slack of endpoint U_MFCC_VQ/fft_ip/u_ipsxb_fft_demo_r2_1024/use_radix2_burst.u_radix2_burst_core/r2_dit_ctrl/u_bfcnt_sreg/latency_larger_than_2.u_distram_sreg/u_distributed_shiftregister/u_distributed_sdpram/mem_0/ram32x1dp/WADM4 of clock hdmi_tx_pix_clk is 114ps(fast corner), but required hold violation threshold is 200ps.
C: STA-3017: There are 2 clock cross SRB paths do not meet the required hold violation threshold(200ps).


Device Utilization Summary :
+----------------------------------------------------------------------------+
| Logic Utilization        | Used      | Available     | Utilization(%)     
+----------------------------------------------------------------------------+
| Use of APM               | 69.5      | 84            | 83                 
| Use of BKCL              | 3         | 4             | 75                 
| Use of CLMA              | 4685      | 6450          | 73                 
|   FF                     | 13442     | 38700         | 35                 
|   LUT                    | 15605     | 25800         | 61                 
|   LUT-FF pairs           | 7167      | 25800         | 28                 
| Use of CLMS              | 2998      | 4250          | 71                 
|   FF                     | 8600      | 25500         | 34                 
|   LUT                    | 9827      | 17000         | 58                 
|   LUT-FF pairs           | 4220      | 17000         | 25                 
|   Distributed RAM        | 104       | 17000         | 1                  
| Use of CRYSTAL           | 0         | 2             | 0                  
| Use of DLL               | 0         | 10            | 0                  
| Use of DQSL              | 0         | 18            | 0                  
| Use of DRM               | 87        | 134           | 65                 
| Use of FUSECODE          | 0         | 1             | 0                  
| Use of HARD0N1           | 1605      | 6672          | 25                 
| Use of HSST              | 1         | 1             | 100                
| Use of IO                | 77        | 296           | 27                 
|   IOBD                   | 15        | 64            | 24                 
|   IOBR_LR                | 2         | 7             | 29                 
|   IOBR_TB                | 2         | 8             | 25                 
|   IOBS_LR                | 45        | 161           | 28                 
|   IOBS_TB                | 13        | 56            | 24                 
| Use of IOCKDIV           | 0         | 20            | 0                  
| Use of IOCKDLY           | 0         | 40            | 0                  
| Use of IOCKGATE          | 0         | 20            | 0                  
| Use of IOCKGMUX_TEST     | 0         | 20            | 0                  
| Use of IOL               | 77        | 400           | 20                 
| Use of IPAL              | 0         | 1             | 0                  
| Use of LDO               | 0         | 4             | 0                  
| Use of MFG_TEST          | 0         | 1             | 0                  
| Use of OSC               | 0         | 1             | 0                  
| Use of PCIE              | 1         | 1             | 100                
| Use of PIOMUX_TEST       | 0         | 10            | 0                  
| Use of PLL               | 2         | 5             | 40                 
| Use of PREGMUX_TEST      | 0         | 6             | 0                  
| Use of RCKB              | 0         | 24            | 0                  
|  RCKB dataused           | 0         | 24            | 0                  
| Use of RCKBMUX_TEST      | 0         | 12            | 0                  
| Use of RESCAL            | 0         | 4             | 0                  
| Use of SCANCHAIN         | 1         | 2             | 50                 
| Use of START             | 1         | 1             | 100                
| Use of UDID              | 0         | 1             | 0                  
| Use of USCM              | 11        | 30            | 37                 
|  USCM dataused           | 0         | 30            | 0                  
| Use of USCMMUX_TEST      | 0         | 30            | 0                  
| Use of VCKBMUX_TEST      | 0         | 12            | 0                  
+----------------------------------------------------------------------------+

Finished routing.
Design 'TOP' has been placed and routed successfully.
Saving design to DB.
Finished placement and routing.
Action pnr: Real time elapsed is 0h:9m:5s
Action pnr: CPU time elapsed is 0h:6m:59s
Action pnr: Process CPU time elapsed is 0h:8m:19s
Current time: Thu Aug 15 06:40:55 2024
Action pnr: Peak memory pool usage is 2,275 MB
