IP Generator (Version 2022.2-SP1-Lite build 132640)
Start generating at 2024-07-28 21:21
Instance: MFCC_VQ_FIFO (D:\PDS_FPGA\Audio_test\ipcore\MFCC_VQ_FIFO\MFCC_VQ_FIFO.idf)
IP: Pango DRM Based FIFO (1.6)
Part: Logos-PGL50H-FBG484--6
Create directory 'rtl' ...
Copy 'rtl\ipml_fifo_ctrl_v1_3.v' to 'rtl' ...
Copy 'rtl\ipml_fifo_v1_6.v.xml' to 'rtl' ...
Copy 'rtl\ipml_prefetch_fifo_v1_6.v.xml' to 'rtl' ...
Copy 'rtl\ipml_reg_fifo_v1_0.v' to 'rtl' ...
Copy 'rtl\ipml_sdpram_v1_6.v.xml' to 'rtl' ...
Compile file 'rtl\ipml_sdpram_v1_6.v.xml' to 'rtl\ipml_sdpram_v1_6_MFCC_VQ_FIFO.v' ...
Compile file 'rtl\ipml_fifo_v1_6.v.xml' to 'rtl\ipml_fifo_v1_6_MFCC_VQ_FIFO.v' ...
Compile file 'rtl\ipml_prefetch_fifo_v1_6.v.xml' to 'rtl\ipml_prefetch_fifo_v1_6_MFCC_VQ_FIFO.v' ...
Copy 'ipml_fifo_wrapper_v1_6.v.xml' ...
Compile file 'ipml_fifo_wrapper_v1_6.v.xml' to 'MFCC_VQ_FIFO.v' ...
Found top module 'MFCC_VQ_FIFO' in file 'MFCC_VQ_FIFO.v'.
Copy 'ipml_prefetch_fifo_wrapper_v1_6.v.xml' ...
Compile file 'ipml_prefetch_fifo_wrapper_v1_6.v.xml' to 'MFCC_VQ_FIFO_prefetch.v' ...
Copy 'ipml_fifo_wrapper_v1_3_tb.v.xml' ...
Compile file 'ipml_fifo_wrapper_v1_3_tb.v.xml' to 'MFCC_VQ_FIFO_tb.v' ...
Create template file 'MFCC_VQ_FIFO_tmpl.v' ...
Create template file 'MFCC_VQ_FIFO_tmpl.vhdl' ...
There are 4 source files to synthesize.
Synthesis is disabled.
Done: 0 error(s), 0 warning(s)
