IP Generator (Version 2022.2-SP1-Lite build 132640)
Start generating at 2024-08-10 02:49
Instance: melbank1 (D:\PDS_FPGA\Audio_test\ipcore\melbank1\melbank1.idf)
IP: Pango DRM Based ROM (1.5)
Part: Logos-PGL50H-FBG484--6
Create directory 'rtl' ...
Copy 'rtl\ipml_rom_v1_5.v.xml' to 'rtl' ...
Copy 'rtl\ipml_spram_v1_5.v.xml' to 'rtl' ...
Compile file 'rtl\ipml_spram_v1_5.v.xml' to 'rtl\ipml_spram_v1_5_melbank1.v' ...
Compile file 'rtl\ipml_rom_v1_5.v.xml' to 'rtl\ipml_rom_v1_5_melbank1.v' ...
Copy 'ipml_rom_wrapper_v1_5.v.xml' ...
Compile file 'ipml_rom_wrapper_v1_5.v.xml' to 'melbank1.v' ...
Found top module 'melbank1' in file 'melbank1.v'.
Copy 'ipml_rom_wrapper_v1_3_tb.v.xml' ...
Compile file 'ipml_rom_wrapper_v1_3_tb.v.xml' to 'melbank1_tb.v' ...
Copy 'init_param_bin_exmp.dat' ...
Copy 'init_param_hex_exmp.dat' ...
Run file 'createParam.tcl' ...
Create template file 'melbank1_tmpl.v' ...
Create template file 'melbank1_tmpl.vhdl' ...
There are 3 source files to synthesize.
Synthesis is disabled.
Done: 0 error(s), 0 warning(s)
